[1] 146.231.123.9 
Cookie: _js_datr=VhrtV2DVPastVxN5S7__FIaA
Content-Length: 
User-Agent: Mozilla/5.0 (X11; Ubuntu; Linux x86_64; rv:49.0) Gecko/20100101 Firefox/49.0
Connection: keep-alive
Host: 146.231.123.9
Upgrade-Insecure-Requests: 1
Accept: text/html,application/xhtml+xml,application/xml;q=0.9,*/*;q=0.8
Accept-Language: en-US,en;q=0.5
Content-Type: 
Accept-Encoding: gzip, deflate


[2] 146.231.123.9 
Cookie: _js_datr=VhrtV2DVPastVxN5S7__FIaA
Content-Length: 
User-Agent: Mozilla/5.0 (X11; Ubuntu; Linux x86_64; rv:49.0) Gecko/20100101 Firefox/49.0
Connection: keep-alive
Host: 146.231.123.9
Accept: text/html,application/xhtml+xml,application/xml;q=0.9,*/*;q=0.8
Accept-Language: en-US,en;q=0.5
Content-Type: 
Accept-Encoding: gzip, deflate


[3] 146.231.123.9 
Cookie: _js_datr=VhrtV2DVPastVxN5S7__FIaA
Content-Length: 
User-Agent: Mozilla/5.0 (X11; Ubuntu; Linux x86_64; rv:49.0) Gecko/20100101 Firefox/49.0
Connection: keep-alive
Host: 146.231.123.9
Upgrade-Insecure-Requests: 1
Accept: text/html,application/xhtml+xml,application/xml;q=0.9,*/*;q=0.8
Accept-Language: en-US,en;q=0.5
Content-Type: 
Accept-Encoding: gzip, deflate


[4] 146.231.123.9 
Cookie: _js_datr=VhrtV2DVPastVxN5S7__FIaA
Content-Length: 
User-Agent: Mozilla/5.0 (X11; Ubuntu; Linux x86_64; rv:49.0) Gecko/20100101 Firefox/49.0
Connection: keep-alive
Host: 146.231.123.9
Upgrade-Insecure-Requests: 1
Accept: text/html,application/xhtml+xml,application/xml;q=0.9,*/*;q=0.8
Accept-Language: en-US,en;q=0.5
Content-Type: 
Accept-Encoding: gzip, deflate


[5] 146.231.123.9 
Cookie: _js_datr=VhrtV2DVPastVxN5S7__FIaA
Content-Length: 
User-Agent: Mozilla/5.0 (X11; Ubuntu; Linux x86_64; rv:49.0) Gecko/20100101 Firefox/49.0
Connection: keep-alive
Host: 146.231.123.9
Upgrade-Insecure-Requests: 1
Accept: text/html,application/xhtml+xml,application/xml;q=0.9,*/*;q=0.8
Accept-Language: en-US,en;q=0.5
Content-Type: 
Accept-Encoding: gzip, deflate


[6] 146.231.123.9 
Cookie: _js_datr=VhrtV2DVPastVxN5S7__FIaA
Content-Length: 
User-Agent: Mozilla/5.0 (X11; Ubuntu; Linux x86_64; rv:49.0) Gecko/20100101 Firefox/49.0
Connection: keep-alive
Host: 146.231.123.9
Upgrade-Insecure-Requests: 1
Cache-Control: max-age=0
Accept: text/html,application/xhtml+xml,application/xml;q=0.9,*/*;q=0.8
Accept-Language: en-US,en;q=0.5
Content-Type: 
Accept-Encoding: gzip, deflate


[7] 146.231.123.9 
Cookie: _js_datr=VhrtV2DVPastVxN5S7__FIaA
Content-Length: 
User-Agent: Mozilla/5.0 (X11; Ubuntu; Linux x86_64; rv:49.0) Gecko/20100101 Firefox/49.0
Connection: keep-alive
Host: 146.231.123.9
Upgrade-Insecure-Requests: 1
Accept: text/html,application/xhtml+xml,application/xml;q=0.9,*/*;q=0.8
Accept-Language: en-US,en;q=0.5
Content-Type: 
Accept-Encoding: gzip, deflate


[8] 146.231.123.9 
Cookie: _js_datr=VhrtV2DVPastVxN5S7__FIaA
Content-Length: 
User-Agent: Mozilla/5.0 (X11; Ubuntu; Linux x86_64; rv:49.0) Gecko/20100101 Firefox/49.0
Connection: keep-alive
Host: 146.231.123.9
Upgrade-Insecure-Requests: 1
Accept: text/html,application/xhtml+xml,application/xml;q=0.9,*/*;q=0.8
Accept-Language: en-US,en;q=0.5
Content-Type: 
Accept-Encoding: gzip, deflate


[9] 146.231.123.9 
Cookie: _js_datr=VhrtV2DVPastVxN5S7__FIaA
Content-Length: 
User-Agent: Mozilla/5.0 (X11; Ubuntu; Linux x86_64; rv:49.0) Gecko/20100101 Firefox/49.0
Connection: keep-alive
Host: 146.231.123.9
Upgrade-Insecure-Requests: 1
Cache-Control: max-age=0
Accept: text/html,application/xhtml+xml,application/xml;q=0.9,*/*;q=0.8
Accept-Language: en-US,en;q=0.5
Content-Type: 
Accept-Encoding: gzip, deflate


[10] 146.231.123.9 
Cookie: _js_datr=VhrtV2DVPastVxN5S7__FIaA
Content-Length: 
User-Agent: Mozilla/5.0 (X11; Ubuntu; Linux x86_64; rv:49.0) Gecko/20100101 Firefox/49.0
Connection: keep-alive
Host: 146.231.123.9
Upgrade-Insecure-Requests: 1
Accept: text/html,application/xhtml+xml,application/xml;q=0.9,*/*;q=0.8
Accept-Language: en-US,en;q=0.5
Content-Type: 
Accept-Encoding: gzip, deflate


[11] 146.231.123.9 
Cookie: _js_datr=VhrtV2DVPastVxN5S7__FIaA
Content-Length: 
User-Agent: Mozilla/5.0 (X11; Ubuntu; Linux x86_64; rv:49.0) Gecko/20100101 Firefox/49.0
Connection: keep-alive
Host: 146.231.123.9
Upgrade-Insecure-Requests: 1
Accept: text/html,application/xhtml+xml,application/xml;q=0.9,*/*;q=0.8
Accept-Language: en-US,en;q=0.5
Content-Type: 
Accept-Encoding: gzip, deflate


[12] 146.231.123.9 
Cookie: _js_datr=VhrtV2DVPastVxN5S7__FIaA
Content-Length: 
User-Agent: Mozilla/5.0 (X11; Ubuntu; Linux x86_64; rv:49.0) Gecko/20100101 Firefox/49.0
Connection: keep-alive
Host: 146.231.123.9
Upgrade-Insecure-Requests: 1
Accept: text/html,application/xhtml+xml,application/xml;q=0.9,*/*;q=0.8
Accept-Language: en-US,en;q=0.5
Content-Type: 
Accept-Encoding: gzip, deflate


[13] 146.231.123.9 
Cookie: _js_datr=VhrtV2DVPastVxN5S7__FIaA
Content-Length: 
User-Agent: Mozilla/5.0 (X11; Ubuntu; Linux x86_64; rv:49.0) Gecko/20100101 Firefox/49.0
Connection: keep-alive
Host: 146.231.123.9
Upgrade-Insecure-Requests: 1
Accept: text/html,application/xhtml+xml,application/xml;q=0.9,*/*;q=0.8
Accept-Language: en-US,en;q=0.5
Content-Type: 
Accept-Encoding: gzip, deflate


[14] 146.231.123.9 
Cookie: _js_datr=VhrtV2DVPastVxN5S7__FIaA
Content-Length: 
User-Agent: Mozilla/5.0 (X11; Ubuntu; Linux x86_64; rv:49.0) Gecko/20100101 Firefox/49.0
Connection: keep-alive
Host: 146.231.123.9
Upgrade-Insecure-Requests: 1
Cache-Control: max-age=0
Accept: text/html,application/xhtml+xml,application/xml;q=0.9,*/*;q=0.8
Accept-Language: en-US,en;q=0.5
Content-Type: 
Accept-Encoding: gzip, deflate


[15] 146.231.123.9 
Cookie: _js_datr=VhrtV2DVPastVxN5S7__FIaA
Content-Length: 
User-Agent: Mozilla/5.0 (X11; Ubuntu; Linux x86_64; rv:49.0) Gecko/20100101 Firefox/49.0
Connection: keep-alive
Host: 146.231.123.9
Upgrade-Insecure-Requests: 1
Accept: text/html,application/xhtml+xml,application/xml;q=0.9,*/*;q=0.8
Accept-Language: en-US,en;q=0.5
Content-Type: 
Accept-Encoding: gzip, deflate


[16] 146.231.123.9 
Cookie: _js_datr=VhrtV2DVPastVxN5S7__FIaA
Content-Length: 
User-Agent: Mozilla/5.0 (X11; Ubuntu; Linux x86_64; rv:49.0) Gecko/20100101 Firefox/49.0
Connection: keep-alive
Host: 146.231.123.9
Upgrade-Insecure-Requests: 1
Accept: text/html,application/xhtml+xml,application/xml;q=0.9,*/*;q=0.8
Accept-Language: en-US,en;q=0.5
Content-Type: 
Accept-Encoding: gzip, deflate


[17] 146.231.123.9 
Cookie: _js_datr=VhrtV2DVPastVxN5S7__FIaA
Content-Length: 
User-Agent: Mozilla/5.0 (X11; Ubuntu; Linux x86_64; rv:49.0) Gecko/20100101 Firefox/49.0
Connection: keep-alive
Host: 146.231.123.9
Upgrade-Insecure-Requests: 1
Accept: text/html,application/xhtml+xml,application/xml;q=0.9,*/*;q=0.8
Accept-Language: en-US,en;q=0.5
Content-Type: 
Accept-Encoding: gzip, deflate


[18] 146.231.123.9 
Cookie: _js_datr=VhrtV2DVPastVxN5S7__FIaA
Content-Length: 
User-Agent: Mozilla/5.0 (X11; Ubuntu; Linux x86_64; rv:49.0) Gecko/20100101 Firefox/49.0
Connection: keep-alive
Host: 146.231.123.9
Accept: text/html,application/xhtml+xml,application/xml;q=0.9,*/*;q=0.8
Accept-Language: en-US,en;q=0.5
Content-Type: 
Accept-Encoding: gzip, deflate


[19] 146.231.123.9 
Cookie: _js_datr=VhrtV2DVPastVxN5S7__FIaA
Content-Length: 
User-Agent: Mozilla/5.0 (X11; Ubuntu; Linux x86_64; rv:49.0) Gecko/20100101 Firefox/49.0
Connection: keep-alive
Host: 146.231.123.9
Upgrade-Insecure-Requests: 1
Accept: text/html,application/xhtml+xml,application/xml;q=0.9,*/*;q=0.8
Accept-Language: en-US,en;q=0.5
Content-Type: 
Accept-Encoding: gzip, deflate


[20] 146.231.123.9 
Cookie: _js_datr=VhrtV2DVPastVxN5S7__FIaA
Content-Length: 
User-Agent: Mozilla/5.0 (X11; Ubuntu; Linux x86_64; rv:49.0) Gecko/20100101 Firefox/49.0
Connection: keep-alive
Host: 146.231.123.9
Upgrade-Insecure-Requests: 1
Accept: text/html,application/xhtml+xml,application/xml;q=0.9,*/*;q=0.8
Accept-Language: en-US,en;q=0.5
Content-Type: 
Accept-Encoding: gzip, deflate


[21] 146.231.123.9 
Cookie: _js_datr=VhrtV2DVPastVxN5S7__FIaA
Content-Length: 
User-Agent: Mozilla/5.0 (X11; Ubuntu; Linux x86_64; rv:49.0) Gecko/20100101 Firefox/49.0
Connection: keep-alive
Host: 146.231.123.9
Upgrade-Insecure-Requests: 1
Accept: text/html,application/xhtml+xml,application/xml;q=0.9,*/*;q=0.8
Accept-Language: en-US,en;q=0.5
Content-Type: 
Accept-Encoding: gzip, deflate


[22] 146.231.123.9 
Cookie: _js_datr=VhrtV2DVPastVxN5S7__FIaA
Content-Length: 
User-Agent: Mozilla/5.0 (X11; Ubuntu; Linux x86_64; rv:49.0) Gecko/20100101 Firefox/49.0
Connection: keep-alive
Host: 146.231.123.9
Upgrade-Insecure-Requests: 1
Accept: text/html,application/xhtml+xml,application/xml;q=0.9,*/*;q=0.8
Accept-Language: en-US,en;q=0.5
Content-Type: 
Accept-Encoding: gzip, deflate


[23] 146.231.123.9 
Cookie: _js_datr=VhrtV2DVPastVxN5S7__FIaA
Content-Length: 
User-Agent: Mozilla/5.0 (X11; Ubuntu; Linux x86_64; rv:49.0) Gecko/20100101 Firefox/49.0
Connection: keep-alive
Host: 146.231.123.9
Upgrade-Insecure-Requests: 1
Accept: text/html,application/xhtml+xml,application/xml;q=0.9,*/*;q=0.8
Accept-Language: en-US,en;q=0.5
Content-Type: 
Accept-Encoding: gzip, deflate


[24] 146.231.123.9 
Cookie: _js_datr=VhrtV2DVPastVxN5S7__FIaA
Content-Length: 
User-Agent: Mozilla/5.0 (X11; Ubuntu; Linux x86_64; rv:49.0) Gecko/20100101 Firefox/49.0
Connection: keep-alive
Host: 146.231.123.9
Upgrade-Insecure-Requests: 1
Accept: text/html,application/xhtml+xml,application/xml;q=0.9,*/*;q=0.8
Accept-Language: en-US,en;q=0.5
Content-Type: 
Accept-Encoding: gzip, deflate


[25] 146.231.123.9 
Cookie: _js_datr=VhrtV2DVPastVxN5S7__FIaA
Content-Length: 
User-Agent: Mozilla/5.0 (X11; Ubuntu; Linux x86_64; rv:49.0) Gecko/20100101 Firefox/49.0
Connection: keep-alive
Host: 146.231.123.9
Upgrade-Insecure-Requests: 1
Cache-Control: max-age=0
Accept: text/html,application/xhtml+xml,application/xml;q=0.9,*/*;q=0.8
Accept-Language: en-US,en;q=0.5
Content-Type: 
Accept-Encoding: gzip, deflate


[26] 146.231.123.9 
Cookie: _js_datr=VhrtV2DVPastVxN5S7__FIaA
Content-Length: 
User-Agent: Mozilla/5.0 (X11; Ubuntu; Linux x86_64; rv:49.0) Gecko/20100101 Firefox/49.0
Connection: keep-alive
Host: 146.231.123.9
Upgrade-Insecure-Requests: 1
Accept: text/html,application/xhtml+xml,application/xml;q=0.9,*/*;q=0.8
Accept-Language: en-US,en;q=0.5
Content-Type: 
Accept-Encoding: gzip, deflate


[27] 146.231.123.9 
Cookie: _js_datr=VhrtV2DVPastVxN5S7__FIaA
Content-Length: 
User-Agent: Mozilla/5.0 (X11; Ubuntu; Linux x86_64; rv:49.0) Gecko/20100101 Firefox/49.0
Connection: keep-alive
Host: 146.231.123.9
Upgrade-Insecure-Requests: 1
Accept: text/html,application/xhtml+xml,application/xml;q=0.9,*/*;q=0.8
Accept-Language: en-US,en;q=0.5
Content-Type: 
Accept-Encoding: gzip, deflate


[28] 146.231.123.9 
Cookie: _js_datr=VhrtV2DVPastVxN5S7__FIaA
Content-Length: 
User-Agent: Mozilla/5.0 (X11; Ubuntu; Linux x86_64; rv:49.0) Gecko/20100101 Firefox/49.0
Connection: keep-alive
Host: 146.231.123.9
Upgrade-Insecure-Requests: 1
Cache-Control: max-age=0
Accept: text/html,application/xhtml+xml,application/xml;q=0.9,*/*;q=0.8
Accept-Language: en-US,en;q=0.5
Content-Type: 
Accept-Encoding: gzip, deflate


[29] 146.231.123.9 
Cookie: _js_datr=VhrtV2DVPastVxN5S7__FIaA
Content-Length: 
User-Agent: Mozilla/5.0 (X11; Ubuntu; Linux x86_64; rv:49.0) Gecko/20100101 Firefox/49.0
Connection: keep-alive
Host: 146.231.123.9
Upgrade-Insecure-Requests: 1
Cache-Control: max-age=0
Accept: text/html,application/xhtml+xml,application/xml;q=0.9,*/*;q=0.8
Accept-Language: en-US,en;q=0.5
Content-Type: 
Accept-Encoding: gzip, deflate


[30] 146.231.123.9 
Cookie: _js_datr=VhrtV2DVPastVxN5S7__FIaA
Content-Length: 
User-Agent: Mozilla/5.0 (X11; Ubuntu; Linux x86_64; rv:49.0) Gecko/20100101 Firefox/49.0
Connection: keep-alive
Host: 146.231.123.9
Upgrade-Insecure-Requests: 1
Cache-Control: max-age=0
Accept: text/html,application/xhtml+xml,application/xml;q=0.9,*/*;q=0.8
Accept-Language: en-US,en;q=0.5
Content-Type: 
Accept-Encoding: gzip, deflate


[31] 146.231.123.9 
Cookie: _js_datr=VhrtV2DVPastVxN5S7__FIaA
Content-Length: 
User-Agent: Mozilla/5.0 (X11; Ubuntu; Linux x86_64; rv:49.0) Gecko/20100101 Firefox/49.0
Connection: keep-alive
Host: 146.231.123.9
Upgrade-Insecure-Requests: 1
Cache-Control: max-age=0
Accept: text/html,application/xhtml+xml,application/xml;q=0.9,*/*;q=0.8
Accept-Language: en-US,en;q=0.5
Content-Type: 
Accept-Encoding: gzip, deflate


[32] 146.231.123.9 
Cookie: _js_datr=VhrtV2DVPastVxN5S7__FIaA
Content-Length: 
User-Agent: Mozilla/5.0 (X11; Ubuntu; Linux x86_64; rv:49.0) Gecko/20100101 Firefox/49.0
Connection: keep-alive
Host: 146.231.123.9
Upgrade-Insecure-Requests: 1
Cache-Control: max-age=0
Accept: text/html,application/xhtml+xml,application/xml;q=0.9,*/*;q=0.8
Accept-Language: en-US,en;q=0.5
Content-Type: 
Accept-Encoding: gzip, deflate


[33] 146.231.123.9 
Cookie: _js_datr=VhrtV2DVPastVxN5S7__FIaA
Content-Length: 
User-Agent: Mozilla/5.0 (X11; Ubuntu; Linux x86_64; rv:49.0) Gecko/20100101 Firefox/49.0
Connection: keep-alive
Host: 146.231.123.9
Upgrade-Insecure-Requests: 1
Cache-Control: max-age=0
Accept: text/html,application/xhtml+xml,application/xml;q=0.9,*/*;q=0.8
Accept-Language: en-US,en;q=0.5
Content-Type: 
Accept-Encoding: gzip, deflate


[34] 146.231.123.9 
Cookie: _js_datr=VhrtV2DVPastVxN5S7__FIaA
Content-Length: 
User-Agent: Mozilla/5.0 (X11; Ubuntu; Linux x86_64; rv:49.0) Gecko/20100101 Firefox/49.0
Connection: keep-alive
Host: 146.231.123.9
Upgrade-Insecure-Requests: 1
Cache-Control: max-age=0
Accept: text/html,application/xhtml+xml,application/xml;q=0.9,*/*;q=0.8
Accept-Language: en-US,en;q=0.5
Content-Type: 
Accept-Encoding: gzip, deflate


[35] 146.231.123.9 
Cookie: _js_datr=VhrtV2DVPastVxN5S7__FIaA
Content-Length: 
User-Agent: Mozilla/5.0 (X11; Ubuntu; Linux x86_64; rv:49.0) Gecko/20100101 Firefox/49.0
Connection: keep-alive
Host: 146.231.123.9
Upgrade-Insecure-Requests: 1
Accept: text/html,application/xhtml+xml,application/xml;q=0.9,*/*;q=0.8
Accept-Language: en-US,en;q=0.5
Content-Type: 
Accept-Encoding: gzip, deflate


[36] 146.231.123.9 
Cookie: _js_datr=VhrtV2DVPastVxN5S7__FIaA
Content-Length: 
User-Agent: Mozilla/5.0 (X11; Ubuntu; Linux x86_64; rv:49.0) Gecko/20100101 Firefox/49.0
Connection: keep-alive
Host: 146.231.123.9
Upgrade-Insecure-Requests: 1
Cache-Control: max-age=0
Accept: text/html,application/xhtml+xml,application/xml;q=0.9,*/*;q=0.8
Accept-Language: en-US,en;q=0.5
Content-Type: 
Accept-Encoding: gzip, deflate


[37] 146.231.123.9 
Cookie: _js_datr=VhrtV2DVPastVxN5S7__FIaA
Content-Length: 
User-Agent: Mozilla/5.0 (X11; Ubuntu; Linux x86_64; rv:49.0) Gecko/20100101 Firefox/49.0
Connection: keep-alive
Host: 146.231.123.9
Upgrade-Insecure-Requests: 1
Accept: text/html,application/xhtml+xml,application/xml;q=0.9,*/*;q=0.8
Accept-Language: en-US,en;q=0.5
Content-Type: 
Accept-Encoding: gzip, deflate


[38] 146.231.123.9 
Cookie: _js_datr=VhrtV2DVPastVxN5S7__FIaA
Content-Length: 
User-Agent: Mozilla/5.0 (X11; Ubuntu; Linux x86_64; rv:49.0) Gecko/20100101 Firefox/49.0
Connection: keep-alive
Host: 146.231.123.9
Upgrade-Insecure-Requests: 1
Accept: text/html,application/xhtml+xml,application/xml;q=0.9,*/*;q=0.8
Accept-Language: en-US,en;q=0.5
Content-Type: 
Accept-Encoding: gzip, deflate


[39] 146.231.123.9 
Cookie: _js_datr=VhrtV2DVPastVxN5S7__FIaA
Content-Length: 
User-Agent: Mozilla/5.0 (X11; Ubuntu; Linux x86_64; rv:49.0) Gecko/20100101 Firefox/49.0
Connection: keep-alive
Host: 146.231.123.9
Upgrade-Insecure-Requests: 1
Accept: text/html,application/xhtml+xml,application/xml;q=0.9,*/*;q=0.8
Accept-Language: en-US,en;q=0.5
Content-Type: 
Accept-Encoding: gzip, deflate


[40] 146.231.123.9 
Cookie: _js_datr=VhrtV2DVPastVxN5S7__FIaA
Content-Length: 
User-Agent: Mozilla/5.0 (X11; Ubuntu; Linux x86_64; rv:49.0) Gecko/20100101 Firefox/49.0
Connection: keep-alive
Host: 146.231.123.9
Upgrade-Insecure-Requests: 1
Accept: text/html,application/xhtml+xml,application/xml;q=0.9,*/*;q=0.8
Accept-Language: en-US,en;q=0.5
Content-Type: 
Accept-Encoding: gzip, deflate


[41] 146.231.123.9 
Cookie: _js_datr=VhrtV2DVPastVxN5S7__FIaA
Content-Length: 
User-Agent: Mozilla/5.0 (X11; Ubuntu; Linux x86_64; rv:49.0) Gecko/20100101 Firefox/49.0
Connection: keep-alive
Host: 146.231.123.9
Upgrade-Insecure-Requests: 1
Accept: text/html,application/xhtml+xml,application/xml;q=0.9,*/*;q=0.8
Accept-Language: en-US,en;q=0.5
Content-Type: 
Accept-Encoding: gzip, deflate


[42] 146.231.123.9 
Cookie: _js_datr=VhrtV2DVPastVxN5S7__FIaA
Content-Length: 
User-Agent: Mozilla/5.0 (X11; Ubuntu; Linux x86_64; rv:49.0) Gecko/20100101 Firefox/49.0
Connection: keep-alive
Host: 146.231.123.9
Upgrade-Insecure-Requests: 1
Cache-Control: max-age=0
Accept: text/html,application/xhtml+xml,application/xml;q=0.9,*/*;q=0.8
Accept-Language: en-US,en;q=0.5
Content-Type: 
Accept-Encoding: gzip, deflate


