[1] 186.5.204.253 
Content-Length: 
User-Agent: curl/7.17.1 (mips-unknown-linux-gnu) libcurl/7.17.1 OpenSSL/0.9.8i zlib/1.2.3
Host: 046.101.102.165
Accept: */*
Content-Type: 


[2] 196.215.9.203 
Content-Length: 
User-Agent: Mozilla/5.0 (Windows NT 6.1; WOW64; rv:48.0) Gecko/20100101 Firefox/48.0
Connection: keep-alive
Pragma: no-cache
Host: 46.101.102.165
Upgrade-Insecure-Requests: 1
Cache-Control: no-cache
Accept: text/html,application/xhtml+xml,application/xml;q=0.9,*/*;q=0.8
Accept-Language: en-US,en;q=0.5
Content-Type: 
Accept-Encoding: gzip, deflate


[3] 193.124.183.50 
Content-Length: 
User-Agent: Mozilla/5.0 (Windows NT 6.1; WOW64; rv:18.0) Gecko/20100101 Firefox/18.0
Connection: keep-alive
Host: 46.101.102.165
Content-Type: 
Keep-Alive: 300


[4] 162.243.188.75 
Content-Length: 
Connection: close
Accept: */*
Content-Type: 


[5] 109.237.111.200 
Content-Length: 
User-Agent: Mozilla/5.0 (Windows; U; Windows NT 6.1; en-US) AppleWebKit/534.14 (KHTML, like Gecko) Chrome/10.0.601.0 Safari/534.14
Accept: */*
Content-Type: 


[6] 37.77.55.219 
Content-Length: 
User-Agent: curl/7.17.1 (mips-unknown-linux-gnu) libcurl/7.17.1 OpenSSL/0.9.8i zlib/1.2.3
Connection: Keep-Alive
Host: 046.101.102.165
Cache-Control: max-stale=0
Accept: */*
Content-Type: 


[7] 213.57.114.155 
Content-Length: 
User-Agent: masscan/1.0 (https://github.com/robertdavidgraham/masscan)
Accept: */*
Content-Type: 


[8] 194.135.52.210 
Content-Length: 
Content-Type: 


[9] 193.124.183.50 
Content-Length: 
User-Agent: Mozilla/5.0 (Windows NT 6.1; WOW64; rv:18.0) Gecko/20100101 Firefox/18.0
Connection: keep-alive
Host: 46.101.102.165
Content-Type: 
Keep-Alive: 300


[10] 91.196.50.33 
Content-Length: 
User-Agent: Mozilla/5.0 (Windows NT 5.1; rv:32.0) Gecko/20100101 Firefox/31.0
Host: testp4.pospr.waw.pl
Accept: text/html,application/xhtml+xml,application/xml;q=0.9,*/*;q=0.8
Proxy-Connection: Keep-Alive
Accept-Language: pl,en-US;q=0.7,en;q=0.3
Content-Type: 
Accept-Encoding: gzip, deflate


[11] 158.69.53.187 
Content-Length: 
Content-Type: 


[12] 46.37.89.163 
Content-Length: 
User-Agent: curl/7.17.1 (mips-unknown-linux-gnu) libcurl/7.17.1 OpenSSL/0.9.8i zlib/1.2.3
Host: 46.101.102.165
Accept: */*
Content-Type: 


[13] 5.254.254.105 
Content-Length: 
User-Agent: curl/7.17.1 (mips-unknown-linux-gnu) libcurl/7.17.1 OpenSSL/0.9.8i zlib/1.2.3
Host: 046.101.102.165
Accept: */*
Content-Type: 


[14] 179.99.200.39 
X-Insight: activate
Content-Length: 
Accept-Charset: ISO-8859-1,utf-8;q=0.7,*;q=0.7
User-Agent: Mozilla/5.0 (Windows; U; Windows NT 5.1; pt-BR; rv:1.9.1.3) Gecko/20090824 Firefox/3.5.3 (.NET CLR 3.5.30729)
Host: www.teddybrinkofski.com
Accept: text/html,application/xhtml+xml,application/xml;q=0.9,*/*;q=0.8
Proxy-Connection: Keep-Alive
Accept-Language: en-us,en;q=0.5
Content-Type: 
Accept-Encoding: deflate


[15] 195.154.41.132 
Content-Length: 
Host: 46.101.102.165
Accept: */*
Content-Type: 


[16] 195.154.41.132 
Content-Length: 
User-Agent: Mozilla/5.0 (Windows; U; Windows NT 5.0; en-US; rv:1.7.12) Gecko/20050915 Firefox/1.0.7
Host: 46.101.102.165
Accept: */*
Content-Type: 


[17] 63.141.231.196 
Content-Length: 
User-Agent: Mozilla/4.0 (compatible; MSIE 8.0; Windows NT 6.1; Trident/4.0; SLCC2; .NET CLR 2.0.50727; .NET CLR 3.5.30729; .NET CLR 3.0.30729; Media Center PC 6.0)
Host: 08mei.com
Accept: */*
Content-Type: 


[18] 193.124.183.50 
Content-Length: 
User-Agent: Mozilla/5.0 (Windows NT 6.1; WOW64; rv:18.0) Gecko/20100101 Firefox/18.0
Connection: keep-alive
Host: 46.101.102.165
Content-Type: 
Keep-Alive: 300


[19] 185.25.148.240 
Content-Length: 
User-Agent: Mozilla/5.0 (Windows NT 5.1; rv:32.0) Gecko/20100101 Firefox/31.0
Host: testp1.piwo.pila.pl
Accept: text/html,application/xhtml+xml,application/xml;q=0.9,*/*;q=0.8
Proxy-Connection: Keep-Alive
Accept-Language: pl,en-US;q=0.7,en;q=0.3
Content-Type: 
Accept-Encoding: gzip, deflate


[20] 66.240.192.138 
Content-Length: 
User-Agent: Mozilla/5.0 (Windows NT 6.1) AppleWebKit/537.36 (KHTML, like Gecko) Chrome/41.0.2228.0 Safari/537.36
Host: 46.101.102.165
Accept: text/html,application/xhtml+xml,application/xml;q=0.9,*/*;q=0.8
Content-Type: 
Accept-Encoding: identity


[21] 66.240.192.138 
Content-Length: 
Host: 46.101.102.165
Content-Type: 
Accept-Encoding: identity


[22] 66.240.192.138 
Content-Length: 
Host: 46.101.102.165
Content-Type: 
Accept-Encoding: identity


[23] 180.97.106.37 
Content-Length: 
Host: 180.163.113.82
Proxy-Connection: Keep-Alive
Content-Type: 


[24] 189.218.193.185 
Content-Length: 
User-Agent: Wget(linux)
Host: 46.101.102.165
Accept: */*
Content-Type: 


[25] 189.218.193.185 
Content-Length: 
User-Agent: Wget(linux)
Host: 46.101.102.165
Accept: */*
Content-Type: 


[26] 189.218.193.185 
Content-Length: 
User-Agent: Wget(linux)
Host: 46.101.102.165
Accept: */*
Content-Type: 


[27] 189.218.193.185 
Content-Length: 208
User-Agent: Wget(linux)
Host: 46.101.102.165
Accept: */*
Content-Type: application/x-www-form-urlencoded


[28] 141.212.122.128 
Content-Length: 
User-Agent: Mozilla/5.0 zgrab/0.x
Host: 46.101.102.165
Content-Type: 
Accept-Encoding: gzip


[29] 89.248.174.102 
Content-Length: 
User-Agent: Mozilla/5.0 (Windows NT 6.1; rv:31.0) Gecko/20100101 Firefox/31.0
Accept: */*
Content-Type: 


[30] 186.211.108.38 
Content-Length: 
User-Agent: curl/7.17.1 (mips-unknown-linux-gnu) libcurl/7.17.1 OpenSSL/0.9.8i zlib/1.2.3
Host: 046.101.102.165
Accept: */*
Content-Type: 


[31] 193.124.183.50 
Content-Length: 
User-Agent: Mozilla/5.0 (Windows NT 6.1; WOW64; rv:18.0) Gecko/20100101 Firefox/18.0
Connection: keep-alive
Host: 46.101.102.165
Content-Type: 
Keep-Alive: 300


[32] 213.57.114.155 
Content-Length: 
User-Agent: masscan/1.0 (https://github.com/robertdavidgraham/masscan)
Accept: */*
Content-Type: 


[33] 80.241.252.222 
Content-Length: 
Host: 46.101.102.165
Content-Type: 


[34] 80.241.252.222 
Content-Length: 
Host: 46.101.102.165
Content-Type: 


[35] 80.241.252.222 
Content-Length: 
Host: 46.101.102.165
Content-Type: 


[36] 185.49.14.190 
Content-Length: 
User-Agent: Mozilla/5.0 (Windows NT 5.1; rv:32.0) Gecko/20100101 Firefox/31.0
Host: testp4.pospr.waw.pl
Accept: text/html,application/xhtml+xml,application/xml;q=0.9,*/*;q=0.8
Proxy-Connection: Keep-Alive
Accept-Language: pl,en-US;q=0.7,en;q=0.3
Content-Type: 
Accept-Encoding: gzip, deflate


[37] 52.67.159.211 
Content-Length: 
User-Agent: Mozilla/5.0 (Windows NT 5.1) AppleWebKit/537.36 (KHTML, like Gecko) Chrome/44.0.2403.155 Safari/537.36
Connection: close
Host: 46.101.102.165
Accept: text/html,application/xhtml+xml,application/xml;q=0.9,*/*;q=0.8
Content-Type: 
Accept-Encoding: gzip, deflate


[38] 52.67.159.211 
Content-Length: 
User-Agent: Mozilla/5.0 (Windows NT 5.1) AppleWebKit/537.36 (KHTML, like Gecko) Chrome/44.0.2403.155 Safari/537.36
Connection: close
Host: 46.101.102.165
Accept: text/html,application/xhtml+xml,application/xml;q=0.9,*/*;q=0.8
Content-Type: 
Accept-Encoding: gzip, deflate


[39] 78.194.229.116 
Content-Length: 
Accept: text/plain,text/html
Content-Type: 


[40] 66.240.213.93 
Content-Length: 
User-Agent: masscan/1.0 (https://github.com/robertdavidgraham/masscan)
Accept: */*
Content-Type: 


[41] 186.225.191.20 
Content-Length: 
User-Agent: curl/7.17.1 (mips-unknown-linux-gnu) libcurl/7.17.1 OpenSSL/0.9.8i zlib/1.2.3
Host: 046.101.102.165
Accept: */*
Content-Type: 


[42] 46.105.35.55 
Content-Length: 
Content-Type: 


[43] 5.28.172.152 
Content-Length: 
User-Agent: masscan/1.0 (https://github.com/robertdavidgraham/masscan)
Accept: */*
Content-Type: 


[44] 141.212.122.49 
Content-Length: 
User-Agent: Mozilla/5.0 zgrab/0.x
Host: 46.101.102.165
Content-Type: 
Accept-Encoding: gzip


[45] 46.37.89.163 
Content-Length: 
User-Agent: curl/7.17.1 (mips-unknown-linux-gnu) libcurl/7.17.1 OpenSSL/0.9.8i zlib/1.2.3
Host: 46.101.102.165
Accept: */*
Content-Type: 


[46] 212.83.162.138 
Content-Length: 
Content-Type: 


[47] 63.141.231.194 
Content-Length: 
User-Agent: Mozilla/4.0 (compatible; MSIE 8.0; Windows NT 6.1; Trident/4.0; SLCC2; .NET CLR 2.0.50727; .NET CLR 3.5.30729; .NET CLR 3.0.30729; Media Center PC 6.0)
Host: kiosk3.scr888.com
Accept: */*
Content-Type: 


[48] 201.81.190.29 
Content-Length: 
Accept-Charset: ISO-8859-1,utf-8;q=0.7,*;q=0.7
User-Agent: Mozilla/5.0 (Windows NT 5.1; rv:5.0) Gecko/20100101 Firefox/5.0
Connection: keep-alive
Host: 46.101.102.165
Accept: text/html,application/xhtml+xml,application/xml;q=0.9,*/*;q=0.8
Accept-Language: en-us,en;q=0.5
Content-Type: 
Accept-Encoding: gzip, deflate


[49] 185.25.151.159 
Content-Length: 
User-Agent: Mozilla/5.0 (Windows NT 5.1; rv:32.0) Gecko/20100101 Firefox/31.0
Host: testp3.pospr.waw.pl
Accept: text/html,application/xhtml+xml,application/xml;q=0.9,*/*;q=0.8
Proxy-Connection: Keep-Alive
Accept-Language: pl,en-US;q=0.7,en;q=0.3
Content-Type: 
Accept-Encoding: gzip, deflate


[50] 204.12.220.86 
Content-Length: 
User-Agent: Mozilla/4.0 (compatible; MSIE 8.0; Windows NT 6.1; Trident/4.0; SLCC2; .NET CLR 2.0.50727; .NET CLR 3.5.30729; .NET CLR 3.0.30729; Media Center PC 6.0)
Host: kiosk3.scr888.com
Accept: */*
Content-Type: 


[51] 69.30.226.221 
Content-Length: 
User-Agent: Mozilla/4.0 (compatible; MSIE 8.0; Windows NT 6.1; Trident/4.0; SLCC2; .NET CLR 2.0.50727; .NET CLR 3.5.30729; .NET CLR 3.0.30729; Media Center PC 6.0)
Host: kiosk3.scr888.com
Accept: */*
Content-Type: 


[52] 204.12.220.83 
Content-Length: 
User-Agent: Mozilla/4.0 (compatible; MSIE 8.0; Windows NT 6.1; Trident/4.0; SLCC2; .NET CLR 2.0.50727; .NET CLR 3.5.30729; .NET CLR 3.0.30729; Media Center PC 6.0)
Host: kiosk2.scr888.com
Accept: */*
Content-Type: 


[53] 204.12.220.85 
Content-Length: 
User-Agent: Mozilla/4.0 (compatible; MSIE 8.0; Windows NT 6.1; Trident/4.0; SLCC2; .NET CLR 2.0.50727; .NET CLR 3.5.30729; .NET CLR 3.0.30729; Media Center PC 6.0)
Host: kiosk3.scr888.com
Accept: */*
Content-Type: 


[54] 86.184.221.244 
Content-Length: 
Content-Type: 


[55] 185.25.151.159 
Content-Length: 
User-Agent: Mozilla/5.0 (Windows NT 5.1; rv:32.0) Gecko/20100101 Firefox/31.0
Host: testp1.piwo.pila.pl
Accept: text/html,application/xhtml+xml,application/xml;q=0.9,*/*;q=0.8
Proxy-Connection: Keep-Alive
Accept-Language: pl,en-US;q=0.7,en;q=0.3
Content-Type: 
Accept-Encoding: gzip, deflate


[56] 5.28.163.84 
Content-Length: 
User-Agent: masscan/1.0 (https://github.com/robertdavidgraham/masscan)
Accept: */*
Content-Type: 


[57] 81.89.51.98 
Content-Length: 
User-Agent: curl/7.17.1 (mips-unknown-linux-gnu) libcurl/7.17.1 OpenSSL/0.9.8i zlib/1.2.3
Host: 046.101.102.165
Accept: */*
Content-Type: 


[58] 212.92.127.201 
Content-Length: 
User-Agent: Mozilla/5.0 (Windows NT 6.1; WOW64; rv:46.0) Gecko/20100101 Firefox/46.0
Host: 46.101.102.165
Accept: */*
Content-Type: 


[59] 5.189.185.69 
Content-Length: 
User-Agent: Mozilla/5.0 (Windows; U; Windows NT 5.1; en-US; rv:1.8.1.6) Gecko/20070725 Firefox/2.0.0.6
Host: 46.101.102.165
Accept: */*
Content-Type: 


[60] 5.189.185.69 
Content-Length: 
User-Agent: Mozilla/5.0 (Windows; U; Windows NT 5.1; en-US; rv:1.8.1.6) Gecko/20070725 Firefox/2.0.0.6
Host: 46.101.102.165
Accept: */*
Content-Type: 


[61] 142.54.174.84 
Content-Length: 
User-Agent: Mozilla/4.0 (compatible; MSIE 8.0; Windows NT 6.1; Trident/4.0; SLCC2; .NET CLR 2.0.50727; .NET CLR 3.5.30729; .NET CLR 3.0.30729; Media Center PC 6.0)
Host: kiosk.scr888.com
Accept: */*
Content-Type: 


[62] 212.92.127.172 
Content-Length: 
User-Agent: Mozilla/5.0 (Windows NT 6.1; WOW64; rv:46.0) Gecko/20100101 Firefox/46.0
Host: 46.101.102.165
Accept: */*
Content-Type: 


[63] 61.216.2.13 
Content-Length: 
User-Agent: Mozilla/5.0 (Windows NT 6.3; WOW64) AppleWebKit/537.36 (KHTML, like Gecko) Chrome/45.0.2454.101 Safari/537.36
Accept: */*
Content-Type: 


[64] 189.218.156.127 
Content-Length: 
User-Agent: Wget(linux)
Host: 46.101.102.165
Accept: */*
Content-Type: 


[65] 189.218.156.127 
Content-Length: 
User-Agent: Wget(linux)
Host: 46.101.102.165
Accept: */*
Content-Type: 


[66] 189.218.156.127 
Content-Length: 
User-Agent: Wget(linux)
Host: 46.101.102.165
Accept: */*
Content-Type: 


[67] 189.218.156.127 
Content-Length: 208
User-Agent: Wget(linux)
Host: 46.101.102.165
Accept: */*
Content-Type: application/x-www-form-urlencoded


[68] 91.196.50.33 
Content-Length: 
User-Agent: Mozilla/5.0 (Windows NT 5.1; rv:32.0) Gecko/20100101 Firefox/31.0
Host: testp4.pospr.waw.pl
Accept: text/html,application/xhtml+xml,application/xml;q=0.9,*/*;q=0.8
Proxy-Connection: Keep-Alive
Accept-Language: pl,en-US;q=0.7,en;q=0.3
Content-Type: 
Accept-Encoding: gzip, deflate


[69] 141.212.122.160 
Content-Length: 
User-Agent: Telesphoreo
Content-Type: 


[70] 46.37.89.163 
Content-Length: 
User-Agent: curl/7.17.1 (mips-unknown-linux-gnu) libcurl/7.17.1 OpenSSL/0.9.8i zlib/1.2.3
Host: 46.101.102.165
Accept: */*
Content-Type: 


[71] 185.139.2.66 
Content-Length: 
Host: 46.101.102.165
Accept: */*
Content-Type: 


[72] 69.30.193.254 
Content-Length: 
User-Agent: Mozilla/4.0 (compatible; MSIE 8.0; Windows NT 6.1; Trident/4.0; SLCC2; .NET CLR 2.0.50727; .NET CLR 3.5.30729; .NET CLR 3.0.30729; Media Center PC 6.0)
Host: kiosk.scr888.com
Accept: */*
Content-Type: 


[73] 103.213.251.70 
Referer: http://46.101.102.165/phpMyAdmin
Content-Length: 
User-Agent: Mozilla/4.0 (compatible; MSIE 9.0; Windows NT 6.1)
Connection: Keep-Alive
Host: 46.101.102.165
Accept: */*
Accept-Language: zh-cn
Content-Type: application/x-www-form-urlencoded


[74] 212.83.179.44 
Content-Length: 
User-Agent: Mozilla/5.0 (Windows NT 5.1; rv:9.0.1) Gecko/20100101 Firefox/9.0.1
Host: 46.101.102.165
Accept: text/html,application/xhtml+xml,application/xml;q=0.9,*/*;q=0.8
Accept-Language: en-US;q=0.6,en;q=0.4
Content-Type: 
Accept-Encoding: deflate, gzip, identity


[75] 212.83.179.44 
Referer: http://46.101.102.165/
Content-Length: 
User-Agent: Mozilla/5.0 (Windows NT 5.1; rv:9.0.1) Gecko/20100101 Firefox/9.0.1
Host: 46.101.102.165
Accept: text/html,application/xhtml+xml,application/xml;q=0.9,*/*;q=0.8
Accept-Language: en-US;q=0.6,en;q=0.4
Content-Type: 
Accept-Encoding: deflate, gzip, identity


[76] 63.141.231.196 
Content-Length: 
User-Agent: Mozilla/4.0 (compatible; MSIE 8.0; Windows NT 6.1; Trident/4.0; SLCC2; .NET CLR 2.0.50727; .NET CLR 3.5.30729; .NET CLR 3.0.30729; Media Center PC 6.0)
Host: kiosk.scr888.com
Accept: */*
Content-Type: 


[77] 91.196.50.33 
Content-Length: 
User-Agent: Mozilla/5.0 (Windows NT 5.1; rv:32.0) Gecko/20100101 Firefox/31.0
Host: testp4.pospr.waw.pl
Accept: text/html,application/xhtml+xml,application/xml;q=0.9,*/*;q=0.8
Proxy-Connection: Keep-Alive
Accept-Language: pl,en-US;q=0.7,en;q=0.3
Content-Type: 
Accept-Encoding: gzip, deflate


[78] 109.236.84.106 
Content-Length: 
Content-Type: 


[79] 112.126.82.197 
Referer: http://46.101.102.165/phpmyadmin
Content-Length: 
User-Agent: Mozilla/4.0 (compatible; MSIE 9.0; Windows NT 6.1)
Connection: Keep-Alive
Host: 46.101.102.165
Accept: */*
Accept-Language: zh-cn
Content-Type: application/x-www-form-urlencoded


[80] 109.236.84.106 
Content-Length: 
Content-Type: 


[81] 173.208.150.115 
Content-Length: 
User-Agent: Mozilla/4.0 (compatible; MSIE 8.0; Windows NT 6.1; Trident/4.0; SLCC2; .NET CLR 2.0.50727; .NET CLR 3.5.30729; .NET CLR 3.0.30729; Media Center PC 6.0)
Host: www.mamacaptain.com
Accept: */*
Content-Type: 


[82] 54.153.17.58 
Content-Length: 
User-Agent: Mozilla/5.0 (Macintosh; Intel Mac OS X 10_11_5) AppleWebKit/537.36 (KHTML, like Gecko) Chrome/50.0.2661.102 Safari/537.36
Connection: close
Host: 46.101.102.165
Content-Type: 
Accept-Encoding: gzip


[83] 141.212.122.128 
Content-Length: 
User-Agent: Mozilla/5.0 zgrab/0.x
Host: 46.101.102.165
Content-Type: 
Accept-Encoding: gzip


[84] 91.196.50.33 
Content-Length: 
User-Agent: Mozilla/5.0 (Windows NT 5.1; rv:32.0) Gecko/20100101 Firefox/31.0
Host: testp1.piwo.pila.pl
Accept: text/html,application/xhtml+xml,application/xml;q=0.9,*/*;q=0.8
Proxy-Connection: Keep-Alive
Accept-Language: pl,en-US;q=0.7,en;q=0.3
Content-Type: 
Accept-Encoding: gzip, deflate


[85] 2.177.47.233 
Content-Length: 
User-Agent: Mozilla/5.0 (compatible; MSIE 9.0; Windows NT 6.1; WOW64; Trident/5.0)
Connection: Keep-Alive
Host: 46.101.102.165
Accept: text/html, application/xhtml+xml, */*
Accept-Language: en-US
Content-Type: 
Accept-Encoding: 


[86] 85.25.196.75 
Te: deflate,gzip;q=0.3
Content-Length: 
User-Agent: the beast
Connection: Keep-Alive, TE
Host: 46.101.102.165
Content-Type: 
Keep-Alive: 300


[87] 80.82.65.168 
Content-Length: 
Connection: Close
Host: 46.101.102.165
Accept: */*
Accept-Language: en-us
Content-Type: 
Accept-Encoding: gzip, deflate


[88] 80.82.65.168 
Content-Length: 
Connection: Close
Host: phpMyAdmin
Accept: */*
Accept-Language: en-us
Content-Type: 
Accept-Encoding: gzip, deflate


[89] 80.82.65.168 
Content-Length: 
Connection: Close
Host: phpmyadmin
Accept: */*
Accept-Language: en-us
Content-Type: 
Accept-Encoding: gzip, deflate


[90] 80.82.65.168 
Content-Length: 
Connection: Close
Host: pma
Accept: */*
Accept-Language: en-us
Content-Type: 
Accept-Encoding: gzip, deflate


[91] 80.82.65.168 
Content-Length: 
Connection: Close
Host: myadmin
Accept: */*
Accept-Language: en-us
Content-Type: 
Accept-Encoding: gzip, deflate


[92] 80.82.65.168 
Content-Length: 
Connection: Close
Host: MyAdmin
Accept: */*
Accept-Language: en-us
Content-Type: 
Accept-Encoding: gzip, deflate


[93] 120.24.237.246 
Content-Length: 
User-Agent: Mozilla/4.0 (compatible; MSIE 8.0; Windows NT 6.1; Trident/4.0; .NET CLR 1.1.4322; .NET4.0C; .NET4.0E; .NET CLR 2.0.50727; .NET CLR 3.0.4506.2152; .NET CLR 3.5.30729)
Host: www.ip138.com
Accept: image/gif, image/jpeg, image/pjpeg, image/pjpeg, application/xaml+xml, application/x-ms-xbap, application/x-ms-application, application/vnd.ms-excel, application/vnd.ms-powerpoint, application/msword, application/vnd.ms-xpsdocument, */*
Proxy-Connection: Close
Accept-Language: zh-cn
Content-Type: 


[94] 85.25.196.75 
Te: deflate,gzip;q=0.3
Content-Length: 
User-Agent: the beast
Connection: Keep-Alive, TE
Host: 46.101.102.165
Content-Type: 
Keep-Alive: 300


[95] 63.141.231.197 
Content-Length: 
User-Agent: Mozilla/4.0 (compatible; MSIE 8.0; Windows NT 6.1; Trident/4.0; SLCC2; .NET CLR 2.0.50727; .NET CLR 3.5.30729; .NET CLR 3.0.30729; Media Center PC 6.0)
Host: kiosk-scr888-com-2145437768.ap-southeast-1.elb.amazonaws.com
Accept: */*
Content-Type: 


[96] 14.63.160.219 
Content-Length: 
Accept-Charset: ISO-8859-1,utf-8;q=0.7,*;q=0.7
User-Agent: Mozilla/5.0 (Windows NT 5.1; rv:5.0) Gecko/20100101 Firefox/5.0
Connection: keep-alive
Host: 46.101.102.165:80
Accept: text/html,application/xhtml+xml,application/xml;q=0.9,*/*;q=0.8
Accept-Language: en-us,en;q=0.5
Content-Type: 
Accept-Encoding: gzip, deflate


[97] 201.176.133.97 
Content-Length: 
User-Agent: Mozilla/5.0 (compatible; MSIE 9.0; Windows NT 6.1; WOW64; Trident/5.0)
Connection: Keep-Alive
Host: 46.101.102.165
Accept: text/html, application/xhtml+xml, */*
Accept-Language: en-US
Content-Type: 
Accept-Encoding: 


[98] 192.187.101.238 
Content-Length: 
User-Agent: Mozilla/4.0 (compatible; MSIE 8.0; Windows NT 6.1; Trident/4.0; SLCC2; .NET CLR 2.0.50727; .NET CLR 3.5.30729; .NET CLR 3.0.30729; Media Center PC 6.0)
Host: kiosk.scr888.com
Accept: */*
Content-Type: 


[99] 46.37.89.163 
Content-Length: 
User-Agent: curl/7.17.1 (mips-unknown-linux-gnu) libcurl/7.17.1 OpenSSL/0.9.8i zlib/1.2.3
Host: 46.101.102.165
Accept: */*
Content-Type: 


[100] 54.70.153.179 
Content-Length: 
User-Agent: Opera/9.80 (Windows NT 6.2; Win64; x64) Presto/2.12.388 Version/12.17
Connection: close
Host: 46.101.102.165
Accept: text/html,application/xhtml+xml,application/xml;q=0.9,*/*;q=0.8
Content-Type: 
Accept-Encoding: gzip, deflate


[101] 54.70.153.179 
Content-Length: 
User-Agent: Opera/9.80 (Windows NT 6.2; Win64; x64) Presto/2.12.388 Version/12.17
Connection: close
Host: 46.101.102.165
Accept: text/html,application/xhtml+xml,application/xml;q=0.9,*/*;q=0.8
Content-Type: 
Accept-Encoding: gzip, deflate


[102] 54.70.153.179 
Content-Length: 
User-Agent: Opera/9.80 (Windows NT 6.2; Win64; x64) Presto/2.12.388 Version/12.17
Connection: close
Host: 46.101.102.165
Accept: text/html,application/xhtml+xml,application/xml;q=0.9,*/*;q=0.8
Content-Type: 
Accept-Encoding: gzip, deflate


[103] 54.70.153.179 
Content-Length: 
User-Agent: Opera/9.80 (Windows NT 6.2; Win64; x64) Presto/2.12.388 Version/12.17
Connection: close
Host: 46.101.102.165
Accept: text/html,application/xhtml+xml,application/xml;q=0.9,*/*;q=0.8
Content-Type: 
Accept-Encoding: gzip, deflate


[104] 54.70.153.179 
Content-Length: 
User-Agent: Opera/9.80 (Windows NT 6.2; Win64; x64) Presto/2.12.388 Version/12.17
Connection: close
Host: 46.101.102.165
Accept: text/html,application/xhtml+xml,application/xml;q=0.9,*/*;q=0.8
Content-Type: 
Accept-Encoding: gzip, deflate


[105] 141.212.122.16 
Content-Length: 
User-Agent: Mozilla/5.0 zgrab/0.x
Host: 46.101.102.165
Content-Type: 
Accept-Encoding: gzip


[106] 212.92.127.172 
Content-Length: 
User-Agent: Mozilla/5.0 (Windows NT 6.1; WOW64; rv:46.0) Gecko/20100101 Firefox/46.0
Host: 46.101.102.165
Accept: */*
Content-Type: 


[107] 191.82.107.185 
Content-Length: 
User-Agent: Mozilla/5.0 (compatible; MSIE 9.0; Windows NT 6.1; WOW64; Trident/5.0)
Connection: Keep-Alive
Host: 46.101.102.165
Accept: text/html, application/xhtml+xml, */*
Accept-Language: en-US
Content-Type: 
Accept-Encoding: 


[108] 113.160.154.138 
Content-Length: 
User-Agent: curl/7.15.5 (x86_64-redhat-linux-gnu) libcurl/7.15.5 OpenSSL/0.9.8b zlib/1.2.3 libidn/0.6.5
Host: 46.101.102.165
Accept: */*
Content-Type: 


[108] 185.25.151.159 
Content-Length: 
User-Agent: Mozilla/5.0 (Windows NT 5.1; rv:32.0) Gecko/20100101 Firefox/31.0
Host: testp4.pospr.waw.pl
Accept: text/html,application/xhtml+xml,application/xml;q=0.9,*/*;q=0.8
Proxy-Connection: Keep-Alive
Accept-Language: pl,en-US;q=0.7,en;q=0.3
Content-Type: 
Accept-Encoding: gzip, deflate


[109] 185.61.202.21 
Content-Length: 
User-Agent: Mozilla/5.0 (compatible; MSIE 9.0; Windows NT 6.1; WOW64; Trident/5.0)
Connection: Keep-Alive
Host: 46.101.102.165
Accept: text/html, application/xhtml+xml, */*
Accept-Language: en-US
Content-Type: 
Accept-Encoding: 


[109] 184.105.247.195 
Content-Length: 
Host: 46.101.102.165
Content-Type: 


[110] 40.115.19.252 
Content-Length: 
User-Agent: curl/7.45.0
Host: 46.101.102.165
Accept: */*
Content-Type: 


[111] 71.6.146.185 
Content-Length: 
User-Agent: Mozilla/5.0 (X11; Linux x86_64) AppleWebKit/537.36 (KHTML, like Gecko) Chrome/34.0.1847.137 Safari/537.36
Host: 46.101.102.165
Accept: text/html,application/xhtml+xml,application/xml;q=0.9,*/*;q=0.8
Content-Type: 
Accept-Encoding: identity


[110] 191.235.82.181 
Content-Length: 
Connection: Keep-Alive
Host: 46.101.102.165
Content-Type: 


[111] 5.196.210.152 
Content-Length: 
Content-Type: 


[112] 192.187.101.235 
Content-Length: 
User-Agent: Mozilla/4.0 (compatible; MSIE 8.0; Windows NT 6.1; Trident/4.0; SLCC2; .NET CLR 2.0.50727; .NET CLR 3.5.30729; .NET CLR 3.0.30729; Media Center PC 6.0)
Host: www.dszcy6.com
Accept: */*
Content-Type: 


[113] 173.208.207.133 
Content-Length: 
User-Agent: Mozilla/4.0 (compatible; MSIE 8.0; Windows NT 6.1; Trident/4.0; SLCC2; .NET CLR 2.0.50727; .NET CLR 3.5.30729; .NET CLR 3.0.30729; Media Center PC 6.0)
Host: www.dszcy6.com
Accept: */*
Content-Type: 


[114] 189.218.197.206 
Content-Length: 
User-Agent: Wget(linux)
Host: 46.101.102.165
Accept: */*
Content-Type: 


[115] 189.218.197.206 
Content-Length: 
User-Agent: Wget(linux)
Host: 46.101.102.165
Accept: */*
Content-Type: 


[116] 189.218.197.206 
Content-Length: 
User-Agent: Wget(linux)
Host: 46.101.102.165
Accept: */*
Content-Type: 


[117] 189.218.197.206 
Content-Length: 208
User-Agent: Wget(linux)
Host: 46.101.102.165
Accept: */*
Content-Type: application/x-www-form-urlencoded


[118] 173.208.207.132 
Content-Length: 
User-Agent: Mozilla/4.0 (compatible; MSIE 8.0; Windows NT 6.1; Trident/4.0; SLCC2; .NET CLR 2.0.50727; .NET CLR 3.5.30729; .NET CLR 3.0.30729; Media Center PC 6.0)
Host: www.dszcy6.com
Accept: */*
Content-Type: 


[119] 61.216.2.13 
Content-Length: 
User-Agent: Mozilla/5.0 (Windows NT 6.3; WOW64) AppleWebKit/537.36 (KHTML, like Gecko) Chrome/45.0.2454.101 Safari/537.36
Accept: */*
Content-Type: 


[120] 63.141.242.196 
Content-Length: 
User-Agent: Mozilla/4.0 (compatible; MSIE 8.0; Windows NT 6.1; Trident/4.0; SLCC2; .NET CLR 2.0.50727; .NET CLR 3.5.30729; .NET CLR 3.0.30729; Media Center PC 6.0)
Host: www.dszcy6.com
Accept: */*
Content-Type: 


[121] 142.54.174.83 
Content-Length: 
User-Agent: Mozilla/4.0 (compatible; MSIE 8.0; Windows NT 6.1; Trident/4.0; SLCC2; .NET CLR 2.0.50727; .NET CLR 3.5.30729; .NET CLR 3.0.30729; Media Center PC 6.0)
Host: www.dszcy6.com
Accept: */*
Content-Type: 


[122] 46.166.188.220 
Content-Length: 
User-Agent: Mozilla/5.0 (Windows NT 6.1; WOW64) AppleWebKit/537.36 (KHTML, like Gecko) Chrome/28.0.1500.63 Safari/537.36
Pragma: no-cache
Host: 46.101.102.165
Cache-Control: no-cache
Accept: */*
Content-Type: 
Accept-Encoding: gzip,deflate


[123] 84.21.21.101 
Content-Length: 
User-Agent: Mozilla/5.0 (compatible; MSIE 9.0; Windows NT 6.1; WOW64; Trident/5.0)
Connection: Keep-Alive
Host: 46.101.102.165
Accept: text/html, application/xhtml+xml, */*
Accept-Language: en-US
Content-Type: 
Accept-Encoding: 


