[1] 196.210.15.234 
Content-Length: 
User-Agent: Mozilla/5.0 (Windows NT 10.0; WOW64; rv:49.0) Gecko/20100101 Firefox/49.0
Connection: keep-alive
Host: 46.101.102.165
Upgrade-Insecure-Requests: 1
Accept: text/html,application/xhtml+xml,application/xml;q=0.9,*/*;q=0.8
Accept-Language: en-ZA,en-GB;q=0.8,en-US;q=0.5,en;q=0.3
Content-Type: 
Accept-Encoding: gzip, deflate


[2] 196.210.15.234 
Content-Length: 
User-Agent: Mozilla/5.0 (Windows NT 10.0; WOW64; rv:49.0) Gecko/20100101 Firefox/49.0
Connection: keep-alive
Host: 46.101.102.165
Accept: */*
Accept-Language: en-ZA,en-GB;q=0.8,en-US;q=0.5,en;q=0.3
Content-Type: 
Accept-Encoding: gzip, deflate


[3] 196.210.15.234 
Content-Length: 
User-Agent: Mozilla/5.0 (Windows NT 10.0; WOW64; rv:49.0) Gecko/20100101 Firefox/49.0
Connection: keep-alive
Host: 46.101.102.165
Accept: text/html,application/xhtml+xml,application/xml;q=0.9,*/*;q=0.8
Accept-Language: en-ZA,en-GB;q=0.8,en-US;q=0.5,en;q=0.3
Content-Type: 
Accept-Encoding: gzip, deflate


[4] 196.210.15.234 
Content-Length: 
User-Agent: Mozilla/5.0 (Windows NT 10.0; WOW64; rv:49.0) Gecko/20100101 Firefox/49.0
Connection: keep-alive
Host: 46.101.102.165
Upgrade-Insecure-Requests: 1
Accept: text/html,application/xhtml+xml,application/xml;q=0.9,*/*;q=0.8
Accept-Language: en-ZA,en-GB;q=0.8,en-US;q=0.5,en;q=0.3
Content-Type: 
Accept-Encoding: gzip, deflate


[5] 196.210.15.234 
Content-Length: 
User-Agent: Mozilla/5.0 (Windows NT 10.0; WOW64; rv:49.0) Gecko/20100101 Firefox/49.0
Connection: keep-alive
Host: 46.101.102.165
Upgrade-Insecure-Requests: 1
Accept: text/html,application/xhtml+xml,application/xml;q=0.9,*/*;q=0.8
Accept-Language: en-ZA,en-GB;q=0.8,en-US;q=0.5,en;q=0.3
Content-Type: 
Accept-Encoding: gzip, deflate


[6] 182.118.55.246 
Content-Length: 
User-Agent: Mozilla/5.0 (Macintosh; Intel Mac OS X 10_10_1) AppleWebKit/537.36 (KHTML, like Gecko) Chrome/41.0.2251.0 Safari/537.36
Host: 46.101.102.165
Content-Type: 
Accept-Encoding: gzip


[7] 181.25.13.169 
Content-Length: 
User-Agent: Mozilla/5.0 (compatible; MSIE 9.0; Windows NT 6.1; WOW64; Trident/5.0)
Connection: Keep-Alive
Host: 46.101.102.165
Accept: text/html, application/xhtml+xml, */*
Accept-Language: en-US
Content-Type: 
Accept-Encoding: 


[8] 142.54.174.83 
Content-Length: 
User-Agent: Mozilla/4.0 (compatible; MSIE 8.0; Windows NT 6.1; Trident/4.0; SLCC2; .NET CLR 2.0.50727; .NET CLR 3.5.30729; .NET CLR 3.0.30729; Media Center PC 6.0)
Host: www.558558.bet
Accept: */*
Content-Type: 


[9] 46.37.89.163 
Content-Length: 
User-Agent: curl/7.17.1 (mips-unknown-linux-gnu) libcurl/7.17.1 OpenSSL/0.9.8i zlib/1.2.3
Host: 46.101.102.165
Accept: */*
Content-Type: 


[10] 91.196.50.33 
Content-Length: 
User-Agent: Mozilla/5.0 (Windows NT 5.1; rv:32.0) Gecko/20100101 Firefox/31.0
Host: testp4.pospr.waw.pl
Accept: text/html,application/xhtml+xml,application/xml;q=0.9,*/*;q=0.8
Proxy-Connection: Keep-Alive
Accept-Language: pl,en-US;q=0.7,en;q=0.3
Content-Type: 
Accept-Encoding: gzip, deflate


[11] 191.254.205.88 
Content-Length: 
User-Agent: Mozilla/5.0 (compatible; MSIE 9.0; Windows NT 6.1; WOW64; Trident/5.0)
Connection: Keep-Alive
Host: 46.101.102.165
Accept: text/html, application/xhtml+xml, */*
Accept-Language: en-US
Content-Type: 
Accept-Encoding: 


[12] 5.28.163.84 
Content-Length: 
User-Agent: masscan/1.0 (https://github.com/robertdavidgraham/masscan)
Accept: */*
Content-Type: 


[13] 208.64.253.242 
Content-Length: 
User-Agent: Mozilla/4.0 (compatible; MSIE 6.0; Windows 98)
Connection: Close
Host: 46.101.102.165
Accept: */*
Accept-Language: en-us
Content-Type: 
Accept-Encoding: gzip, deflate


[14] 208.64.253.242 
Content-Length: 
User-Agent: Mozilla/4.0 (compatible; MSIE 6.0; Windows 98)
Connection: Close
Host: 46.101.102.165
Accept: */*
Accept-Language: en-us
Content-Type: 
Accept-Encoding: gzip, deflate


[15] 69.30.226.220 
Content-Length: 
User-Agent: Mozilla/4.0 (compatible; MSIE 8.0; Windows NT 6.1; Trident/4.0; SLCC2; .NET CLR 2.0.50727; .NET CLR 3.5.30729; .NET CLR 3.0.30729; Media Center PC 6.0)
Host: www.win007.com
Accept: */*
Content-Type: 


[16] 192.187.118.69 
Content-Length: 
User-Agent: Mozilla/4.0 (compatible; MSIE 8.0; Windows NT 6.1; Trident/4.0; SLCC2; .NET CLR 2.0.50727; .NET CLR 3.5.30729; .NET CLR 3.0.30729; Media Center PC 6.0)
Host: score.365rich.cn
Accept: */*
Content-Type: 


[17] 141.212.122.16 
Content-Length: 
User-Agent: Mozilla/5.0 zgrab/0.x
Host: 46.101.102.165
Content-Type: 
Accept-Encoding: gzip


[18] 112.126.82.197 
Referer: http://46.101.102.165/phpmyadmin
Content-Length: 
User-Agent: Mozilla/4.0 (compatible; MSIE 9.0; Windows NT 6.1)
Connection: Keep-Alive
Host: 46.101.102.165
Accept: */*
Accept-Language: zh-cn
Content-Type: application/x-www-form-urlencoded


[19] 173.231.185.150 
Content-Length: 
User-Agent: python-requests/2.6.0 CPython/2.7.5 Linux/3.10.0-327.28.2.el7.x86_64
Connection: keep-alive
Host: 46.101.102.165
Accept: */*
Content-Type: 
Accept-Encoding: gzip, deflate


[20] 46.13.27.155 
Referer: http://46.101.102.165/
Content-Length: 
Connection: Keep-Alive
Host: 46.101.102.165
Content-Type: 


[21] 50.115.166.181 
Content-Length: 
Connection: Close
Host: 46.101.102.165
Accept: */*
Accept-Language: en-us
Content-Type: 
Accept-Encoding: gzip, deflate


[22] 50.115.166.181 
Content-Length: 
Connection: Close
Host: phpMyAdmin
Accept: */*
Accept-Language: en-us
Content-Type: 
Accept-Encoding: gzip, deflate


[23] 50.115.166.181 
Content-Length: 
Connection: Close
Host: phpmyadmin
Accept: */*
Accept-Language: en-us
Content-Type: 
Accept-Encoding: gzip, deflate


[24] 50.115.166.181 
Content-Length: 
Connection: Close
Host: pma
Accept: */*
Accept-Language: en-us
Content-Type: 
Accept-Encoding: gzip, deflate


[25] 50.115.166.181 
Content-Length: 
Connection: Close
Host: myadmin
Accept: */*
Accept-Language: en-us
Content-Type: 
Accept-Encoding: gzip, deflate


[26] 50.115.166.181 
Content-Length: 
Connection: Close
Host: MyAdmin
Accept: */*
Accept-Language: en-us
Content-Type: 
Accept-Encoding: gzip, deflate


[27] 188.255.220.71 
Content-Length: 
User-Agent: Mozilla/5.0 (compatible; MSIE 9.0; Windows NT 6.1; WOW64; Trident/5.0)
Connection: Keep-Alive
Host: 46.101.102.165
Accept: text/html, application/xhtml+xml, */*
Accept-Language: en-US
Content-Type: 
Accept-Encoding: 


[28] 192.187.118.67 
Content-Length: 
User-Agent: Mozilla/4.0 (compatible; MSIE 8.0; Windows NT 6.1; Trident/4.0; SLCC2; .NET CLR 2.0.50727; .NET CLR 3.5.30729; .NET CLR 3.0.30729; Media Center PC 6.0)
Host: www.bsbs11.com
Accept: */*
Content-Type: 


[29] 63.141.231.194 
Content-Length: 
User-Agent: Mozilla/4.0 (compatible; MSIE 8.0; Windows NT 6.1; Trident/4.0; SLCC2; .NET CLR 2.0.50727; .NET CLR 3.5.30729; .NET CLR 3.0.30729; Media Center PC 6.0)
Host: www.fmfm11.com
Accept: */*
Content-Type: 


[30] 213.57.114.155 
Content-Length: 
User-Agent: masscan/1.0 (https://github.com/robertdavidgraham/masscan)
Accept: */*
Content-Type: 


[31] 63.141.250.158 
Content-Length: 
User-Agent: Mozilla/4.0 (compatible; MSIE 8.0; Windows NT 6.1; Trident/4.0; SLCC2; .NET CLR 2.0.50727; .NET CLR 3.5.30729; .NET CLR 3.0.30729; Media Center PC 6.0)
Host: www.zpzp11.com
Accept: */*
Content-Type: 


[32] 179.37.24.137 
Content-Length: 
User-Agent: Mozilla/5.0 (compatible; MSIE 9.0; Windows NT 6.1; WOW64; Trident/5.0)
Connection: Keep-Alive
Host: 46.101.102.165
Accept: text/html, application/xhtml+xml, */*
Accept-Language: en-US
Content-Type: 
Accept-Encoding: 


[33] 31.130.41.120 
Content-Length: 
User-Agent: Mozilla/5.0 (Windows NT 6.1; rv:9.0.1) Gecko/20100101 Firefox/9.0.1
Host: 46.101.102.165
Accept: text/html,application/xhtml+xml,application/xml;q=0.9,*/*;q=0.8
Accept-Language: en-US;q=0.6,en;q=0.4
Content-Type: 
Accept-Encoding: deflate, gzip, identity


[34] 141.212.122.96 
Content-Length: 
User-Agent: Telesphoreo
Content-Type: 


[35] 91.228.136.39 
Content-Length: 
User-Agent: curl/7.17.1 (mips-unknown-linux-gnu) libcurl/7.17.1 OpenSSL/0.9.8i zlib/1.2.3
Host: 046.101.102.165
Accept: */*
Content-Type: 


[36] 91.224.217.118 
Content-Length: 
User-Agent: curl/7.17.1 (mips-unknown-linux-gnu) libcurl/7.17.1 OpenSSL/0.9.8i zlib/1.2.3
Host: 046.101.102.165
Accept: */*
Content-Type: 


[37] 201.150.226.13 
Content-Length: 
User-Agent: Wget(linux)
Host: 46.101.102.165
Accept: */*
Content-Type: 


[38] 201.150.226.13 
Content-Length: 
User-Agent: Wget(linux)
Host: 46.101.102.165
Accept: */*
Content-Type: 


[39] 201.150.226.13 
Content-Length: 
User-Agent: Wget(linux)
Host: 46.101.102.165
Accept: */*
Content-Type: 


[40] 201.150.226.13 
Content-Length: 208
User-Agent: Wget(linux)
Host: 46.101.102.165
Accept: */*
Content-Type: application/x-www-form-urlencoded


[41] 122.15.125.249 
Content-Length: 
User-Agent: curl/7.17.1 (mips-unknown-linux-gnu) libcurl/7.17.1 OpenSSL/0.9.8i zlib/1.2.3
Host: 046.101.102.165
Accept: */*
Content-Type: 


[42] 222.186.134.218 
Content-Length: 
User-Agent: python-requests/2.7.0 CPython/2.7.9 Windows/2003Server
Connection: keep-alive
Host: 46.101.102.165
Accept: */*
Content-Type: 
Accept-Encoding: gzip, deflate


[43] 201.176.18.83 
Content-Length: 
User-Agent: Mozilla/5.0 (compatible; MSIE 9.0; Windows NT 6.1; WOW64; Trident/5.0)
Connection: Keep-Alive
Host: 46.101.102.165
Accept: text/html, application/xhtml+xml, */*
Accept-Language: en-US
Content-Type: 
Accept-Encoding: 


[44] 89.248.174.4 
Content-Length: 
Host: 46.101.102.165
Content-Type: 


[45] 189.89.230.66 
Content-Length: 
User-Agent: Mozilla/5.0 (compatible; MSIE 9.0; Windows NT 6.1; WOW64; Trident/5.0)
Connection: Keep-Alive
Host: 46.101.102.165
Accept: text/html, application/xhtml+xml, */*
Accept-Language: en-US
Content-Type: 
Accept-Encoding: 


[46] 63.141.250.155 
Content-Length: 
User-Agent: Mozilla/4.0 (compatible; MSIE 8.0; Windows NT 6.1; Trident/4.0; SLCC2; .NET CLR 2.0.50727; .NET CLR 3.5.30729; .NET CLR 3.0.30729; Media Center PC 6.0)
Host: xinyu44.com
Accept: */*
Content-Type: 


[47] 91.196.50.33 
Content-Length: 
User-Agent: Mozilla/5.0 (Windows NT 5.1; rv:32.0) Gecko/20100101 Firefox/31.0
Host: testp4.pospr.waw.pl
Accept: text/html,application/xhtml+xml,application/xml;q=0.9,*/*;q=0.8
Proxy-Connection: Keep-Alive
Accept-Language: pl,en-US;q=0.7,en;q=0.3
Content-Type: 
Accept-Encoding: gzip, deflate


[48] 213.57.114.155 
Content-Length: 
User-Agent: masscan/1.0 (https://github.com/robertdavidgraham/masscan)
Accept: */*
Content-Type: 


[49] 46.37.89.163 
Content-Length: 
User-Agent: curl/7.17.1 (mips-unknown-linux-gnu) libcurl/7.17.1 OpenSSL/0.9.8i zlib/1.2.3
Host: 46.101.102.165
Accept: */*
Content-Type: 


[50] 88.159.38.73 
Content-Length: 
User-Agent: curl/7.38.0
Host: 46.101.102.165
Accept: */*
Content-Type: 


[51] 181.26.203.211 
Content-Length: 
User-Agent: Mozilla/5.0 (compatible; MSIE 9.0; Windows NT 6.1; WOW64; Trident/5.0)
Connection: Keep-Alive
Host: 46.101.102.165
Accept: text/html, application/xhtml+xml, */*
Accept-Language: en-US
Content-Type: 
Accept-Encoding: 


[52] 198.204.247.221 
Content-Length: 
User-Agent: Mozilla/4.0 (compatible; MSIE 8.0; Windows NT 6.1; Trident/4.0; SLCC2; .NET CLR 2.0.50727; .NET CLR 3.5.30729; .NET CLR 3.0.30729; Media Center PC 6.0)
Host: xinyu44.com
Accept: */*
Content-Type: 


[53] 186.129.39.52 
Content-Length: 
User-Agent: Mozilla/5.0 (compatible; MSIE 9.0; Windows NT 6.1; WOW64; Trident/5.0)
Connection: Keep-Alive
Host: 46.101.102.165
Accept: text/html, application/xhtml+xml, */*
Accept-Language: en-US
Content-Type: 
Accept-Encoding: 


[54] 185.25.151.159 
Content-Length: 
User-Agent: Mozilla/5.0 (Windows NT 5.1; rv:32.0) Gecko/20100101 Firefox/31.0
Host: testp3.pospr.waw.pl
Accept: text/html,application/xhtml+xml,application/xml;q=0.9,*/*;q=0.8
Proxy-Connection: Keep-Alive
Accept-Language: pl,en-US;q=0.7,en;q=0.3
Content-Type: 
Accept-Encoding: gzip, deflate


[55] 195.62.53.168 
Content-Length: 
User-Agent: Mozilla/5.0 (Windows NT 6.1; Win64; x64; rv:30.N) Gecko/20110302 Firefox/30.0
Connection: close
Host: gmail.com
Content-Type: 


[56] 188.242.230.90 
Content-Length: 
User-Agent: Wget/1.15 (linux-gnu)
Connection: close
Host: 46.101.102.165
Accept: */*
Content-Type: 


[57] 93.174.93.210 
Content-Length: 
User-Agent: Mozilla/5.0 (Windows NT 6.3; WOW64; rv:34.0) Gecko/20100101 Firefox/34.0
Host: www.funimation.com
Accept: */*
Content-Type: 


[58] 104.152.52.58 
Content-Length: 
Content-Type: 


[59] 104.152.52.58 
Content-Length: 
Content-Type: 


[60] 141.226.218.120 
Content-Length: 
User-Agent: masscan/1.0 (https://github.com/robertdavidgraham/masscan)
Accept: */*
Content-Type: 


[61] 198.204.247.218 
Content-Length: 
User-Agent: Mozilla/4.0 (compatible; MSIE 8.0; Windows NT 6.1; Trident/4.0; SLCC2; .NET CLR 2.0.50727; .NET CLR 3.5.30729; .NET CLR 3.0.30729; Media Center PC 6.0)
Host: xinyu44.com
Accept: */*
Content-Type: 


[62] 196.210.62.222 
Content-Length: 
User-Agent: Mozilla/5.0 (Windows NT 10.0; WOW64; rv:49.0) Gecko/20100101 Firefox/49.0
Connection: keep-alive
Host: 46.101.102.165
Upgrade-Insecure-Requests: 1
Accept: text/html,application/xhtml+xml,application/xml;q=0.9,*/*;q=0.8
Accept-Language: en-US,en;q=0.5
Content-Type: 
Accept-Encoding: gzip, deflate


[63] 196.210.62.222 
Content-Length: 
User-Agent: Mozilla/5.0 (Windows NT 10.0; WOW64; rv:49.0) Gecko/20100101 Firefox/49.0
Connection: keep-alive
Host: 46.101.102.165
Accept: */*
Accept-Language: en-US,en;q=0.5
Content-Type: 
Accept-Encoding: gzip, deflate


[64] 196.210.62.222 
Content-Length: 
User-Agent: Mozilla/5.0 (Windows NT 10.0; WOW64; rv:49.0) Gecko/20100101 Firefox/49.0
Connection: keep-alive
Host: 46.101.102.165
Accept: text/html,application/xhtml+xml,application/xml;q=0.9,*/*;q=0.8
Accept-Language: en-US,en;q=0.5
Content-Type: 
Accept-Encoding: gzip, deflate


[65] 198.204.247.219 
Content-Length: 
User-Agent: Mozilla/4.0 (compatible; MSIE 8.0; Windows NT 6.1; Trident/4.0; SLCC2; .NET CLR 2.0.50727; .NET CLR 3.5.30729; .NET CLR 3.0.30729; Media Center PC 6.0)
Host: xinyu44.com
Accept: */*
Content-Type: 


[66] 141.212.122.32 
Content-Length: 
User-Agent: Mozilla/5.0 zgrab/0.x
Host: 46.101.102.165
Content-Type: 
Accept-Encoding: gzip


[67] 91.196.50.33 
Content-Length: 
User-Agent: Mozilla/5.0 (Windows NT 5.1; rv:32.0) Gecko/20100101 Firefox/31.0
Host: testp4.pospr.waw.pl
Accept: text/html,application/xhtml+xml,application/xml;q=0.9,*/*;q=0.8
Proxy-Connection: Keep-Alive
Accept-Language: pl,en-US;q=0.7,en;q=0.3
Content-Type: 
Accept-Encoding: gzip, deflate


[68] 93.174.93.210 
Content-Length: 
User-Agent: Mozilla/5.0 (Windows NT 6.3; WOW64; rv:34.0) Gecko/20100101 Firefox/34.0
Host: www.funimation.com
Accept: */*
Content-Type: 


[69] 198.204.255.74 
Content-Length: 
User-Agent: Mozilla/4.0 (compatible; MSIE 8.0; Windows NT 6.1; Trident/4.0; SLCC2; .NET CLR 2.0.50727; .NET CLR 3.5.30729; .NET CLR 3.0.30729; Media Center PC 6.0)
Host: xinyu44.com
Accept: */*
Content-Type: 


[70] 63.141.242.194 
Content-Length: 
User-Agent: Mozilla/4.0 (compatible; MSIE 8.0; Windows NT 6.1; Trident/4.0; SLCC2; .NET CLR 2.0.50727; .NET CLR 3.5.30729; .NET CLR 3.0.30729; Media Center PC 6.0)
Host: xinyu44.com
Accept: */*
Content-Type: 


[71] 177.23.224.51 
Content-Length: 
User-Agent: curl/7.17.1 (mips-unknown-linux-gnu) libcurl/7.17.1 OpenSSL/0.9.8i zlib/1.2.3
Host: 046.101.102.165
Accept: */*
Content-Type: 


[72] 113.92.230.224 
Referer: http://46.101.102.165/phpmyadmin/index.php
Content-Length: 
User-Agent: Mozilla/4.0 (compatible; MSIE 9.0; Windows NT 6.1)
Connection: Keep-Alive
Host: 46.101.102.165
Accept: */*
Accept-Language: zh-cn
Content-Type: application/x-www-form-urlencoded


[73] 185.81.157.18 
Content-Length: 
Connection: Keep-Alive
Host: 46.101.102.165
Content-Type: 


[74] 180.97.106.162 
Content-Length: 
Host: 180.163.113.82
Proxy-Connection: Keep-Alive
Content-Type: 


[75] 187.161.222.50 
Content-Length: 
User-Agent: Wget(linux)
Host: 46.101.102.165
Accept: */*
Content-Type: 


[76] 187.161.222.50 
Content-Length: 
User-Agent: Wget(linux)
Host: 46.101.102.165
Accept: */*
Content-Type: 


[77] 187.161.222.50 
Content-Length: 
User-Agent: Wget(linux)
Host: 46.101.102.165
Accept: */*
Content-Type: 


[78] 187.161.222.50 
Content-Length: 208
User-Agent: Wget(linux)
Host: 46.101.102.165
Accept: */*
Content-Type: application/x-www-form-urlencoded


[79] 196.210.62.222 
Cookie: SessionID=7c0a5f9a-228c-4ac6-98e9-4197320ff17c; VisitorID=ca101a9d-a3c3-47b5-b583-28fe68f38eac&Exp=10/5/2019 2:00:58 PM; __utma=1.664421440.1475701261.1475701261.1475701261.1; __utmb=1.3.10.1475701261; __utmc=1; __utmz=1.1475701261.1.1.utmcsr=(direct)|utmccn=(direct)|utmcmd=(none); __utma=199989743.24900524.1475701261.1475701261.1475701261.1; __utmb=199989743.3.10.1475701261; __utmc=199989743; __utmz=199989743.1475701261.1.1.utmcsr=(direct)|utmccn=(direct)|utmcmd=(none); __utmt=1; __utmt_~1=1
Content-Length: 
User-Agent: Mozilla/5.0 (Macintosh; Intel Mac OS X 10.10; rv:49.0) Gecko/20100101 Firefox/49.0
Connection: keep-alive
Host: pfn.cloud
Upgrade-Insecure-Requests: 1
Cache-Control: max-age=0
Accept: text/html,application/xhtml+xml,application/xml;q=0.9,*/*;q=0.8
Accept-Language: en-US,en;q=0.5
Content-Type: 
Accept-Encoding: gzip, deflate


[80] 196.210.62.222 
Cookie: SessionID=7c0a5f9a-228c-4ac6-98e9-4197320ff17c; VisitorID=ca101a9d-a3c3-47b5-b583-28fe68f38eac&Exp=10/5/2019 2:00:58 PM; __utma=1.664421440.1475701261.1475701261.1475701261.1; __utmb=1.3.10.1475701261; __utmc=1; __utmz=1.1475701261.1.1.utmcsr=(direct)|utmccn=(direct)|utmcmd=(none); __utma=199989743.24900524.1475701261.1475701261.1475701261.1; __utmb=199989743.3.10.1475701261; __utmc=199989743; __utmz=199989743.1475701261.1.1.utmcsr=(direct)|utmccn=(direct)|utmcmd=(none); __utmt=1; __utmt_~1=1
Content-Length: 
User-Agent: Mozilla/5.0 (Macintosh; Intel Mac OS X 10.10; rv:49.0) Gecko/20100101 Firefox/49.0
Connection: keep-alive
Host: pfn.cloud
Upgrade-Insecure-Requests: 1
Accept: text/html,application/xhtml+xml,application/xml;q=0.9,*/*;q=0.8
Accept-Language: en-US,en;q=0.5
Content-Type: 
Accept-Encoding: gzip, deflate


[81] 169.56.71.51 
Content-Length: 
User-Agent: Mozilla/5.0 (Windows NT 6.1; rv:31.0) Gecko/20100101 Firefox/31.0
Accept: */*
Content-Type: 


[82] 196.210.62.222 
Content-Length: 
User-Agent: Mozilla/5.0 (Macintosh; Intel Mac OS X 10.10; rv:49.0) Gecko/20100101 Firefox/49.0
Connection: keep-alive
Host: 46.101.102.165
Upgrade-Insecure-Requests: 1
Accept: text/html,application/xhtml+xml,application/xml;q=0.9,*/*;q=0.8
Accept-Language: en-US,en;q=0.5
Content-Type: 
Accept-Encoding: gzip, deflate


[83] 196.210.62.222 
Content-Length: 
User-Agent: Mozilla/5.0 (Macintosh; Intel Mac OS X 10.10; rv:49.0) Gecko/20100101 Firefox/49.0
Connection: keep-alive
Host: 46.101.102.165
Accept: */*
Accept-Language: en-US,en;q=0.5
Content-Type: 
Accept-Encoding: gzip, deflate


[84] 196.210.62.222 
Content-Length: 
User-Agent: Mozilla/5.0 (Macintosh; Intel Mac OS X 10.10; rv:49.0) Gecko/20100101 Firefox/49.0
Connection: keep-alive
Host: 46.101.102.165
Accept: text/html,application/xhtml+xml,application/xml;q=0.9,*/*;q=0.8
Accept-Language: en-US,en;q=0.5
Content-Type: 
Accept-Encoding: gzip, deflate


[85] 63.141.242.194 
Content-Length: 
User-Agent: Mozilla/4.0 (compatible; MSIE 8.0; Windows NT 6.1; Trident/4.0; SLCC2; .NET CLR 2.0.50727; .NET CLR 3.5.30729; .NET CLR 3.0.30729; Media Center PC 6.0)
Host: xinyu44.com
Accept: */*
Content-Type: 


[86] 46.37.89.163 
Content-Length: 
User-Agent: curl/7.17.1 (mips-unknown-linux-gnu) libcurl/7.17.1 OpenSSL/0.9.8i zlib/1.2.3
Host: 46.101.102.165
Accept: */*
Content-Type: 


[87] 201.149.103.212 
Content-Length: 
User-Agent: Mozilla/5.0 (compatible; MSIE 9.0; Windows NT 6.1; WOW64; Trident/5.0)
Connection: Keep-Alive
Host: 46.101.102.165
Accept: text/html, application/xhtml+xml, */*
Accept-Language: en-US
Content-Type: 
Accept-Encoding: 


[88] 142.54.180.67 
Content-Length: 
User-Agent: Mozilla/4.0 (compatible; MSIE 8.0; Windows NT 6.1; Trident/4.0; SLCC2; .NET CLR 2.0.50727; .NET CLR 3.5.30729; .NET CLR 3.0.30729; Media Center PC 6.0)
Host: xinyu44.com
Accept: */*
Content-Type: 


[89] 185.25.151.159 
Content-Length: 
User-Agent: Mozilla/5.0 (Windows NT 5.1; rv:32.0) Gecko/20100101 Firefox/31.0
Host: testp4.pospr.waw.pl
Accept: text/html,application/xhtml+xml,application/xml;q=0.9,*/*;q=0.8
Proxy-Connection: Keep-Alive
Accept-Language: pl,en-US;q=0.7,en;q=0.3
Content-Type: 
Accept-Encoding: gzip, deflate


[90] 141.226.218.120 
Content-Length: 
User-Agent: masscan/1.0 (https://github.com/robertdavidgraham/masscan)
Accept: */*
Content-Type: 


[91] 69.30.226.221 
Content-Length: 
User-Agent: Mozilla/4.0 (compatible; MSIE 8.0; Windows NT 6.1; Trident/4.0; SLCC2; .NET CLR 2.0.50727; .NET CLR 3.5.30729; .NET CLR 3.0.30729; Media Center PC 6.0)
Host: xinyu688.com
Accept: */*
Content-Type: 


[92] 201.99.79.37 
Content-Length: 
Host: 46.101.102.165
Content-Type: 


[93] 201.99.79.37 
Content-Length: 
Host: 46.101.102.165
Content-Type: 


[94] 201.99.79.37 
Content-Length: 
Host: 46.101.102.165
Content-Type: 


[95] 176.74.29.112 
Content-Length: 
User-Agent: Mozilla/5.0 (Windows NT 5.1; rv:9.0.1) Gecko/20100101 Firefox/9.0.1
Host: 46.101.102.165
Accept: text/html,application/xhtml+xml,application/xml;q=0.9,*/*;q=0.8
Accept-Language: en-US;q=0.6,en;q=0.4
Content-Type: 
Accept-Encoding: deflate, gzip, identity


[96] 176.74.29.112 
Referer: http://46.101.102.165/
Content-Length: 
User-Agent: Mozilla/5.0 (Windows NT 5.1; rv:9.0.1) Gecko/20100101 Firefox/9.0.1
Host: www.msftncsi.com
Accept: text/html,application/xhtml+xml,application/xml;q=0.9,*/*;q=0.8
Accept-Language: en-US;q=0.6,en;q=0.4
Content-Type: 
Accept-Encoding: deflate, gzip, identity


[97] 173.208.150.116 
Content-Length: 
User-Agent: Mozilla/4.0 (compatible; MSIE 8.0; Windows NT 6.1; Trident/4.0; SLCC2; .NET CLR 2.0.50727; .NET CLR 3.5.30729; .NET CLR 3.0.30729; Media Center PC 6.0)
Host: xinyu688.com
Accept: */*
Content-Type: 


[98] 69.30.226.222 
Content-Length: 
User-Agent: Mozilla/4.0 (compatible; MSIE 8.0; Windows NT 6.1; Trident/4.0; SLCC2; .NET CLR 2.0.50727; .NET CLR 3.5.30729; .NET CLR 3.0.30729; Media Center PC 6.0)
Host: www.xinyu688.com
Accept: */*
Content-Type: 


[99] 149.202.183.247 
Content-Length: 
Connection: Keep-Alive
Host: 46.101.102.165
Content-Type: 


[100] 91.196.50.33 
Content-Length: 
User-Agent: Mozilla/5.0 (Windows NT 5.1; rv:32.0) Gecko/20100101 Firefox/31.0
Host: testp3.pospr.waw.pl
Accept: text/html,application/xhtml+xml,application/xml;q=0.9,*/*;q=0.8
Proxy-Connection: Keep-Alive
Accept-Language: pl,en-US;q=0.7,en;q=0.3
Content-Type: 
Accept-Encoding: gzip, deflate


[101] 185.27.216.26 
Content-Length: 
User-Agent: curl/7.17.1 (mips-unknown-linux-gnu) libcurl/7.17.1 OpenSSL/0.9.8i zlib/1.2.3
Host: 046.101.102.165
Accept: */*
Content-Type: 


[102] 66.240.192.138 
Content-Length: 
User-Agent: Mozilla/5.0 (Windows NT 6.1) AppleWebKit/537.36 (KHTML, like Gecko) Chrome/41.0.2228.0 Safari/537.36
Host: 46.101.102.165
Accept: text/html,application/xhtml+xml,application/xml;q=0.9,*/*;q=0.8
Content-Type: 
Accept-Encoding: identity


[103] 66.240.192.138 
Content-Length: 
Host: 46.101.102.165
Content-Type: 
Accept-Encoding: identity


[104] 66.240.192.138 
Content-Length: 
Host: 46.101.102.165
Content-Type: 
Accept-Encoding: identity


[105] 109.236.84.53 
Content-Length: 
Connection: Keep-Alive
Host: 46.101.102.165
Content-Type: 


[106] 69.30.227.220 
Content-Length: 
User-Agent: Mozilla/4.0 (compatible; MSIE 8.0; Windows NT 6.1; Trident/4.0; SLCC2; .NET CLR 2.0.50727; .NET CLR 3.5.30729; .NET CLR 3.0.30729; Media Center PC 6.0)
Host: xinyu388.com
Accept: */*
Content-Type: 


[107] 76.14.129.25 
Content-Length: 
User-Agent: Mozilla/5.0 (compatible; MSIE 9.0; Windows NT 6.1; Trident/5.0)
Host: userpage.fu-berlin.de
Accept: */*
Proxy-Connection: Keep-Alive
Accept-Language: en-us
Content-Type: 


[108] 212.83.162.206 
Content-Length: 
Content-Type: 


[109] 176.74.29.112 
Content-Length: 
User-Agent: Mozilla/5.0 (Windows NT 5.1; rv:9.0.1) Gecko/20100101 Firefox/9.0.1
Host: 46.101.102.165
Accept: text/html,application/xhtml+xml,application/xml;q=0.9,*/*;q=0.8
Accept-Language: en-US;q=0.6,en;q=0.4
Content-Type: 
Accept-Encoding: deflate, gzip, identity


[110] 176.74.29.112 
Referer: http://46.101.102.165/
Content-Length: 
User-Agent: Mozilla/5.0 (Windows NT 5.1; rv:9.0.1) Gecko/20100101 Firefox/9.0.1
Host: www.msftncsi.com
Accept: text/html,application/xhtml+xml,application/xml;q=0.9,*/*;q=0.8
Accept-Language: en-US;q=0.6,en;q=0.4
Content-Type: 
Accept-Encoding: deflate, gzip, identity


[111] 69.30.227.222 
Content-Length: 
User-Agent: Mozilla/4.0 (compatible; MSIE 8.0; Windows NT 6.1; Trident/4.0; SLCC2; .NET CLR 2.0.50727; .NET CLR 3.5.30729; .NET CLR 3.0.30729; Media Center PC 6.0)
Host: xinyu388.com
Accept: */*
Content-Type: 


[112] 185.25.151.159 
Content-Length: 
User-Agent: Mozilla/5.0 (Windows NT 5.1; rv:32.0) Gecko/20100101 Firefox/31.0
Host: testp1.piwo.pila.pl
Accept: text/html,application/xhtml+xml,application/xml;q=0.9,*/*;q=0.8
Proxy-Connection: Keep-Alive
Accept-Language: pl,en-US;q=0.7,en;q=0.3
Content-Type: 
Accept-Encoding: gzip, deflate


[113] 142.54.180.70 
Content-Length: 
User-Agent: Mozilla/4.0 (compatible; MSIE 8.0; Windows NT 6.1; Trident/4.0; SLCC2; .NET CLR 2.0.50727; .NET CLR 3.5.30729; .NET CLR 3.0.30729; Media Center PC 6.0)
Host: xinyu388.com
Accept: */*
Content-Type: 


[114] 212.87.177.61 
Content-Length: 
User-Agent: curl/7.17.1 (mips-unknown-linux-gnu) libcurl/7.17.1 OpenSSL/0.9.8i zlib/1.2.3
Host: 046.101.102.165
Accept: */*
Content-Type: 


[115] 183.129.160.229 
Content-Length: 
User-Agent: Mozilla/5.0 (Macintosh; Intel Mac OS X 10.11; rv:47.0) Gecko/20100101 Firefox/47.0
Connection: close
Host: 46.101.102.165
Accept: text/html,application/xhtml+xml,application/xml;q=0.9,*/*;q=0.8
Accept-Language: zh-CN,zh;q=0.8,en-US;q=0.5,en;q=0.3
Content-Type: 
Accept-Encoding: deflate


[116] 141.226.218.120 
Content-Length: 
User-Agent: masscan/1.0 (https://github.com/robertdavidgraham/masscan)
Accept: */*
Content-Type: 


[117] 46.37.89.163 
Content-Length: 
User-Agent: curl/7.17.1 (mips-unknown-linux-gnu) libcurl/7.17.1 OpenSSL/0.9.8i zlib/1.2.3
Host: 46.101.102.165
Accept: */*
Content-Type: 


[118] 196.221.67.223 
Authorization: Basic Og==
Content-Length: 
User-Agent: Mozilla/3.0 (compatible; Indy Library)
Connection: Keep-Alive
Host: 46.101.102.165
Cache-Control: max-stale=0
Accept: text/html, */*
Content-Type: text/html


[119] 141.212.122.16 
Content-Length: 
User-Agent: Telesphoreo
Content-Type: 


[120] 198.204.247.220 
Content-Length: 
User-Agent: Mozilla/4.0 (compatible; MSIE 8.0; Windows NT 6.1; Trident/4.0; SLCC2; .NET CLR 2.0.50727; .NET CLR 3.5.30729; .NET CLR 3.0.30729; Media Center PC 6.0)
Host: xinyu388.com
Accept: */*
Content-Type: 


[121] 189.219.35.117 
Content-Length: 
User-Agent: Wget(linux)
Host: 46.101.102.165
Accept: */*
Content-Type: 


[122] 189.219.35.117 
Content-Length: 
User-Agent: Wget(linux)
Host: 46.101.102.165
Accept: */*
Content-Type: 


[123] 189.219.35.117 
Content-Length: 
User-Agent: Wget(linux)
Host: 46.101.102.165
Accept: */*
Content-Type: 


[124] 189.219.35.117 
Content-Length: 208
User-Agent: Wget(linux)
Host: 46.101.102.165
Accept: */*
Content-Type: application/x-www-form-urlencoded


[125] 192.187.101.234 
Content-Length: 
User-Agent: Mozilla/4.0 (compatible; MSIE 8.0; Windows NT 6.1; Trident/4.0; SLCC2; .NET CLR 2.0.50727; .NET CLR 3.5.30729; .NET CLR 3.0.30729; Media Center PC 6.0)
Host: xinyu388.com
Accept: */*
Content-Type: 


[126] 185.25.151.159 
Content-Length: 
User-Agent: Mozilla/5.0 (Windows NT 5.1; rv:32.0) Gecko/20100101 Firefox/31.0
Host: testp3.pospr.waw.pl
Accept: text/html,application/xhtml+xml,application/xml;q=0.9,*/*;q=0.8
Proxy-Connection: Keep-Alive
Accept-Language: pl,en-US;q=0.7,en;q=0.3
Content-Type: 
Accept-Encoding: gzip, deflate


[127] 204.12.220.86 
Content-Length: 
User-Agent: Mozilla/4.0 (compatible; MSIE 8.0; Windows NT 6.1; Trident/4.0; SLCC2; .NET CLR 2.0.50727; .NET CLR 3.5.30729; .NET CLR 3.0.30729; Media Center PC 6.0)
Host: xinyu388.com
Accept: */*
Content-Type: 


[128] 208.110.84.69 
Content-Length: 
User-Agent: Mozilla/4.0 (compatible; MSIE 8.0; Windows NT 6.1; Trident/4.0; SLCC2; .NET CLR 2.0.50727; .NET CLR 3.5.30729; .NET CLR 3.0.30729; Media Center PC 6.0)
Host: xinyu388.com
Accept: */*
Content-Type: 


[129] 93.80.102.152 
Content-Length: 
User-Agent: Mozilla/5.0 (Windows NT 5.1; rv:9.0.1) Gecko/20100101 Firefox/9.0.1
Host: 46.101.102.165
Accept: text/html,application/xhtml+xml,application/xml;q=0.9,*/*;q=0.8
Accept-Language: en-US;q=0.6,en;q=0.4
Content-Type: 
Accept-Encoding: deflate, gzip, identity


[130] 93.80.102.152 
Referer: http://46.101.102.165/
Content-Length: 
User-Agent: Mozilla/5.0 (Windows NT 5.1; rv:9.0.1) Gecko/20100101 Firefox/9.0.1
Host: www.msftncsi.com
Accept: text/html,application/xhtml+xml,application/xml;q=0.9,*/*;q=0.8
Accept-Language: en-US;q=0.6,en;q=0.4
Content-Type: 
Accept-Encoding: deflate, gzip, identity


[131] 204.12.220.82 
Content-Length: 
User-Agent: Mozilla/4.0 (compatible; MSIE 8.0; Windows NT 6.1; Trident/4.0; SLCC2; .NET CLR 2.0.50727; .NET CLR 3.5.30729; .NET CLR 3.0.30729; Media Center PC 6.0)
Host: xinyu388.com
Accept: */*
Content-Type: 


[132] 185.51.221.207 
Content-Length: 
User-Agent: curl/7.17.1 (mips-unknown-linux-gnu) libcurl/7.17.1 OpenSSL/0.9.8i zlib/1.2.3
Connection: Keep-Alive
Host: 046.101.102.165
Cache-Control: max-stale=0
Accept: */*
Content-Type: 


[133] 142.54.174.83 
Content-Length: 
User-Agent: Mozilla/4.0 (compatible; MSIE 8.0; Windows NT 6.1; Trident/4.0; SLCC2; .NET CLR 2.0.50727; .NET CLR 3.5.30729; .NET CLR 3.0.30729; Media Center PC 6.0)
Host: xinyu388.com
Accept: */*
Content-Type: 


[134] 209.0.146.172 
Content-Length: 
User-Agent: Mozilla/4.0 (compatible; MSIE 7.0; Windows NT 5.2)
Connection: Keep-Alive
Host: www.pfn.cloud
Content-Type: 


[135] 70.184.193.222 
Content-Length: 
User-Agent: Mozilla/4.0 (compatible; MSIE 7.0; Windows NT 5.2)
Connection: Keep-Alive
Host: www.pfn.cloud
Content-Type: 


[136] 206.225.80.193 
Referer: 
Content-Length: 
User-Agent: Mozilla/5.0 (Macintosh; Intel Mac OS X 10.7; rv:14.0) Gecko/20100101 Firefox/14.0.1
Host: pfn.cloud
Accept: */*
Content-Type: 
Accept-Encoding: gzip


[137] 206.225.80.193 
Content-Length: 
Connection: close
Host: pfn.cloud
Content-Type: 


[138] 206.225.80.193 
Referer: 
Content-Length: 
Host: pfn.cloud
Accept: */*
Content-Type: 
Accept-Encoding: gzip


[139] 204.13.201.138 
Referer: http://www.bing.com
Content-Length: 
User-Agent: Mozilla/5.0 (compatible; MSIE 8.0; Windows NT 6.1; Trident/4.0; .NET CLR 2.0.50727; .NET CLR 3.5.30729; .NET CLR 3.0.30729; .NET CLR 1.0.3705; .NET CLR 1.1.4322)
Connection: keep-alive
Host: pfn.cloud
Cache-Control: max-age=259200
Accept: */*
Content-Type: 
Accept-Encoding: identity


[140] 198.61.229.62 
Content-Length: 
Host: 46.101.102.165
Content-Type: 


[141] 212.92.127.172 
Content-Length: 
User-Agent: Mozilla/5.0 (Windows NT 6.1; WOW64; rv:46.0) Gecko/20100101 Firefox/46.0
Host: 46.101.102.165
Accept: */*
Content-Type: 


[142] 95.175.97.229 
Referer: http://www.google.com.my/search?q=anything&ie=utf-8
Content-Length: 
User-Agent: Mozilla/5.0 (Windows; U; Windows NT 5.1; en-US) AppleWebKit/534.7 (KHTML, like Gecko) Chrome/7.0.514.0 Safari/534.7
Connection: keep-alive
Via: 1.1 rcache1.f-secure.com:3128 (squid/2.7.STABLE9)
Host: pfn.cloud
Cache-Control: max-age=604800
X-Forwarded-For: 10.195.31.11
Content-Type: 
Accept-Encoding: identity


[143] 167.114.228.206 
Content-Length: 
User-Agent: Mozilla/5.0 (Windows NT 10.0; Win64; x64; rv:48.0) Gecko/20100101 Firefox/48.0
Connection: close
Host: www.pfn.cloud
Accept: text/html,application/xhtml+xml,application/xml;q=0.9,*/*;q=0.8
Accept-Language: en-US;q=0.7,en;q=0.3
Content-Type: 


[144] 91.121.83.118 
Content-Length: 
User-Agent: Mozilla/5.0 (Windows NT 6.3; Win64; x64) AppleWebKit/537.36 (KHTML, like Gecko) Chrome/37.0.2049.0 Safari/537.36
Connection: keep-alive
Host: pfn.cloud
Accept: */*
Content-Type: 
Accept-Encoding: gzip, deflate


[145] 50.117.89.108 
Content-Length: 
User-Agent: Mozilla/4.0 (compatible; MSIE 8.0; Windows NT 6.0)
Host: www.pfn.cloud
Accept: text/html, */*
Content-Type: 
Accept-Encoding: identity


[146] 199.16.196.177 
Content-Length: 
User-Agent: Wget/1.15 (linux-gnu)
Connection: Keep-Alive
Host: pfn.cloud
Accept: */*
Content-Type: 


[147] 91.196.50.33 
Content-Length: 
User-Agent: Mozilla/5.0 (Windows NT 5.1; rv:32.0) Gecko/20100101 Firefox/31.0
Host: testp4.pospr.waw.pl
Accept: text/html,application/xhtml+xml,application/xml;q=0.9,*/*;q=0.8
Proxy-Connection: Keep-Alive
Accept-Language: pl,en-US;q=0.7,en;q=0.3
Content-Type: 
Accept-Encoding: gzip, deflate


[148] 212.205.210.84 
Content-Length: 
User-Agent: curl/7.17.1 (mips-unknown-linux-gnu) libcurl/7.17.1 OpenSSL/0.9.8i zlib/1.2.3
Host: 046.101.102.165
Accept: */*
Content-Type: 


[149] 185.69.4.247 
Content-Length: 
User-Agent: curl/7.17.1 (mips-unknown-linux-gnu) libcurl/7.17.1 OpenSSL/0.9.8i zlib/1.2.3
Host: 046.101.102.165
Accept: */*
Content-Type: 


[150] 79.183.72.51 
Content-Length: 
User-Agent: masscan/1.0 (https://github.com/robertdavidgraham/masscan)
Accept: */*
Content-Type: 


[151] 142.54.174.85 
Content-Length: 
User-Agent: Mozilla/4.0 (compatible; MSIE 8.0; Windows NT 6.1; Trident/4.0; SLCC2; .NET CLR 2.0.50727; .NET CLR 3.5.30729; .NET CLR 3.0.30729; Media Center PC 6.0)
Host: www.jinhuyule.com
Accept: */*
Content-Type: 


[152] 93.184.239.147 
Content-Length: 
Content-Type: 


[153] 93.80.102.188 
Content-Length: 
User-Agent: Mozilla/5.0 (Windows NT 5.1; rv:9.0.1) Gecko/20100101 Firefox/9.0.1
Host: 46.101.102.165
Accept: text/html,application/xhtml+xml,application/xml;q=0.9,*/*;q=0.8
Accept-Language: en-US;q=0.6,en;q=0.4
Content-Type: 
Accept-Encoding: deflate, gzip, identity


[154] 95.66.206.97 
Content-Length: 
User-Agent: Wget/1.15 (linux-gnu)
Connection: close
Host: 46.101.102.165
Accept: */*
Content-Type: 


[155] 199.16.196.183 
Content-Length: 
User-Agent: Mozilla/5.0 (Windows NT 6.2; WOW64; rv:5.0) Gecko/20100101 Firefox/5.0
Connection: close
Host: pfn.cloud
Content-Type: 
Accept-Encoding: identity


[156] 199.16.196.177 
Content-Length: 
User-Agent: Mozilla/5.0 (Windows NT 6.1; WOW64) AppleWebKit/537.36 (KHTML, like Gecko) Chrome/37.0.2062.120 Safari/537.36
Connection: Keep-Alive
Host: pfn.cloud
Accept: text/html,application/xhtml+xml,application/xml;q=0.9,*/*;q=0.8
Accept-Language: en-US,*
Content-Type: 
Accept-Encoding: gzip, deflate


[157] 54.206.45.55 
Content-Length: 
User-Agent: Mozilla/5.0 (Macintosh; Intel Mac OS X 10_11_5) AppleWebKit/537.36 (KHTML, like Gecko) Chrome/50.0.2661.102 Safari/537.36
Connection: close
Host: 46.101.102.165
Content-Type: 
Accept-Encoding: gzip


[158] 146.0.232.223 
Content-Length: 
User-Agent: curl/7.19.7 (x86_64-redhat-linux-gnu) libcurl/7.19.7 NSS/3.21 Basic ECC zlib/1.2.3 libidn/1.18 libssh2/1.4.2
Host: admin
Accept: */*
Content-Type: 


[159] 146.0.232.223 
Content-Length: 
User-Agent: curl/7.19.7 (x86_64-redhat-linux-gnu) libcurl/7.19.7 NSS/3.21 Basic ECC zlib/1.2.3 libidn/1.18 libssh2/1.4.2
Host: a2billing
Accept: */*
Content-Type: 


[160] 196.210.15.136 
Content-Length: 
User-Agent: Mozilla/5.0 (Windows NT 10.0; WOW64; rv:49.0) Gecko/20100101 Firefox/49.0
Connection: keep-alive
Host: www.pfn.cloud
Upgrade-Insecure-Requests: 1
Accept: text/html,application/xhtml+xml,application/xml;q=0.9,*/*;q=0.8
Accept-Language: en-US,en;q=0.5
Content-Type: 
Accept-Encoding: gzip, deflate


[161] 196.210.15.136 
Content-Length: 
User-Agent: Mozilla/5.0 (Windows NT 10.0; WOW64; rv:49.0) Gecko/20100101 Firefox/49.0
Connection: keep-alive
Host: www.pfn.cloud
Accept: */*
Accept-Language: en-US,en;q=0.5
Content-Type: 
Accept-Encoding: gzip, deflate


[162] 196.210.15.136 
Content-Length: 
User-Agent: Mozilla/5.0 (Windows NT 10.0; WOW64; rv:49.0) Gecko/20100101 Firefox/49.0
Connection: keep-alive
Host: www.pfn.cloud
Accept: text/html,application/xhtml+xml,application/xml;q=0.9,*/*;q=0.8
Accept-Language: en-US,en;q=0.5
Content-Type: 
Accept-Encoding: gzip, deflate


[163] 63.141.231.197 
Content-Length: 
User-Agent: Mozilla/4.0 (compatible; MSIE 8.0; Windows NT 6.1; Trident/4.0; SLCC2; .NET CLR 2.0.50727; .NET CLR 3.5.30729; .NET CLR 3.0.30729; Media Center PC 6.0)
Host: www.jinhuyule.com
Accept: */*
Content-Type: 


[164] 141.212.122.96 
Content-Length: 
User-Agent: Mozilla/5.0 zgrab/0.x
Host: 46.101.102.165
Content-Type: 
Accept-Encoding: gzip


[165] 69.30.226.218 
Content-Length: 
User-Agent: Mozilla/4.0 (compatible; MSIE 8.0; Windows NT 6.1; Trident/4.0; SLCC2; .NET CLR 2.0.50727; .NET CLR 3.5.30729; .NET CLR 3.0.30729; Media Center PC 6.0)
Host: web-175.com
Accept: */*
Content-Type: 


[166] 64.79.100.34 
Referer: http://www.pfn.cloud/robots.txt
Content-Length: 
Accept-Charset: ISO-8859-1,utf-8;q=0.7,*;q=0.7)
User-Agent: Mozilla/5.0 (Windows NT 6.1; WOW64) AppleWebKit/537.36 (KHTML, like Gecko) Chrome/39.0.2171.95 Safari/537.36
Connection: close
Host: www.pfn.cloud
Cache-Control: no-cache
Accept: text/html,application/xhtml+xml,application/xml;q=0.9,*/*;q=0.8
Accept-Language: en-us
Content-Type: 
Accept-Encoding: gzip,deflate


[167] 64.79.100.34 
Referer: http://www.pfn.cloud
Content-Length: 
Accept-Charset: ISO-8859-1,utf-8;q=0.7,*;q=0.7)
User-Agent: Mozilla/5.0 (Windows NT 6.1; WOW64) AppleWebKit/537.36 (KHTML, like Gecko) Chrome/39.0.2171.95 Safari/537.36
Connection: close
Host: www.pfn.cloud
Cache-Control: no-cache
Accept: text/html,application/xhtml+xml,application/xml;q=0.9,*/*;q=0.8
Accept-Language: en-us
Content-Type: 
Accept-Encoding: gzip,deflate


[168] 64.79.100.34 
Content-Length: 
User-Agent: Mozilla
Connection: keep-alive
Host: www.pfn.cloud
Accept: text/html, image/gif, image/jpeg, *; q=.2, */*; q=.2
Content-Type: 
Accept-Encoding: gzip


[169] 198.204.255.74 
Content-Length: 
User-Agent: Mozilla/4.0 (compatible; MSIE 8.0; Windows NT 6.1; Trident/4.0; SLCC2; .NET CLR 2.0.50727; .NET CLR 3.5.30729; .NET CLR 3.0.30729; Media Center PC 6.0)
Host: xinyu388.com
Accept: */*
Content-Type: 


[170] 199.16.196.176 
Content-Length: 
User-Agent: Wget/1.15 (linux-gnu)
Connection: Keep-Alive
Host: pfn.cloud
Accept: */*
Content-Type: 


[171] 91.196.50.33 
Content-Length: 
User-Agent: Mozilla/5.0 (Windows NT 5.1; rv:32.0) Gecko/20100101 Firefox/31.0
Host: testp1.piwo.pila.pl
Accept: text/html,application/xhtml+xml,application/xml;q=0.9,*/*;q=0.8
Proxy-Connection: Keep-Alive
Accept-Language: pl,en-US;q=0.7,en;q=0.3
Content-Type: 
Accept-Encoding: gzip, deflate


[172] 46.37.89.163 
Content-Length: 
User-Agent: curl/7.17.1 (mips-unknown-linux-gnu) libcurl/7.17.1 OpenSSL/0.9.8i zlib/1.2.3
Host: 46.101.102.165
Accept: */*
Content-Type: 


[173] 139.162.13.205 
Content-Length: 
User-Agent: Mozilla/5.0 (Windows NT 10.0; WOW64) AppleWebKit/537.36 (KHTML, like Gecko) Chrome/45.0.2454.101 Safari/537.36
Connection: close
Host: 46.101.102.165
Content-Type: 
Accept-Encoding: gzip


[174] 54.224.250.81 
Content-Length: 
User-Agent: Mozilla/5.0 (Windows; U; Windows NT 6.0; en-US; rv:1.9.2.3) Gecko/20100401 Firefox/3.6.3 GTB6 (.NET CLR 3.5.30729)
Connection: Keep-Alive
Host: pfn.cloud
Content-Type: 


[175] 54.175.120.140 
Content-Length: 
User-Agent: Mozilla/5.0 (X11; Linux x86_64) AppleWebKit/538.1 (KHTML, like Gecko) splash Safari/538.1
Connection: Keep-Alive
Host: pfn.cloud
Accept: text/html,application/xhtml+xml,application/xml;q=0.9,*/*;q=0.8
Accept-Language: en,*
Content-Type: 
Accept-Encoding: gzip, deflate


[176] 59.46.158.18 
Content-Length: 
Content-Type: 


[177] 139.162.163.183 
Content-Length: 
User-Agent: Mozilla/5.0 (Windows; U; Windows NT 5.1; rv:1.7.3) Gecko/20041001 Firefox/0.10.1
Host: pfn.cloud
Accept: */*
Content-Type: 
Accept-Encoding: deflate, gzip


[178] 198.204.255.78 
Content-Length: 
User-Agent: Mozilla/4.0 (compatible; MSIE 8.0; Windows NT 6.1; Trident/4.0; SLCC2; .NET CLR 2.0.50727; .NET CLR 3.5.30729; .NET CLR 3.0.30729; Media Center PC 6.0)
Host: kiosk.scr888.com
Accept: */*
Content-Type: 


[179] 199.16.196.184 
Content-Length: 
User-Agent: Mozilla/5.0 (X11; Linux i686; rv:6.0) Gecko/20100101 Firefox/6.0
Connection: close
Host: pfn.cloud
Content-Type: 
Accept-Encoding: identity


[180] 199.16.196.180 
Content-Length: 
User-Agent: Mozilla/5.0 (Windows NT 6.1; WOW64) AppleWebKit/537.36 (KHTML, like Gecko) Chrome/37.0.2062.120 Safari/537.36
Connection: Keep-Alive
Host: pfn.cloud
Accept: text/html,application/xhtml+xml,application/xml;q=0.9,*/*;q=0.8
Accept-Language: en-US,*
Content-Type: 
Accept-Encoding: gzip, deflate


[181] 209.126.127.230 
Content-Length: 
User-Agent: bot-pge.chlooe.com/1.0.0 (+http://www.chlooe.com/)
Host: pfn.cloud
Accept: */*
Content-Type: 


[182] 209.126.127.230 
Content-Length: 
Host: pfn.cloud
Content-Type: 


[183] 209.126.127.230 
Content-Length: 
Host: pfn.cloud
Content-Type: 


[184] 199.30.228.142 
Content-Length: 
Accept-Charset: ISO-8859-1,utf-8;q=0.7,*;q=0.7
User-Agent: Mozilla/5.0 (Macintosh; U; Intel Mac OS X 10.5; en-US; rv:1.9.2.13) Gecko/20101203 Firefox/3.6.13 GTB7.1
Connection: close
Host: pfn.cloud
Cache-Control: max-age=0
Accept: text/html,application/xhtml+xml,application/xml;q=0.9,*/*;q=0.8
Accept-Language: en-us,en;q=0.5
Content-Type: 
Accept-Encoding: gzip,deflate
Keep-Alive: 115


[185] 64.79.100.14 
Referer: http://www.pfn.cloud/robots.txt
Content-Length: 
Accept-Charset: ISO-8859-1,utf-8;q=0.7,*;q=0.7)
User-Agent: Mozilla/5.0 (Windows NT 6.1; WOW64) AppleWebKit/537.36 (KHTML, like Gecko) Chrome/39.0.2171.95 Safari/537.36
Connection: close
Host: www.pfn.cloud
Cache-Control: no-cache
Accept: text/html,application/xhtml+xml,application/xml;q=0.9,*/*;q=0.8
Accept-Language: en-us
Content-Type: 
Accept-Encoding: gzip,deflate


[186] 64.79.100.14 
Referer: http://www.pfn.cloud
Content-Length: 
Accept-Charset: ISO-8859-1,utf-8;q=0.7,*;q=0.7)
User-Agent: Mozilla/5.0 (Windows NT 6.1; WOW64) AppleWebKit/537.36 (KHTML, like Gecko) Chrome/39.0.2171.95 Safari/537.36
Connection: close
Host: www.pfn.cloud
Cache-Control: no-cache
Accept: text/html,application/xhtml+xml,application/xml;q=0.9,*/*;q=0.8
Accept-Language: en-us
Content-Type: 
Accept-Encoding: gzip,deflate


[187] 64.79.100.14 
Content-Length: 
User-Agent: Mozilla
Connection: keep-alive
Host: www.pfn.cloud
Accept: text/html, image/gif, image/jpeg, *; q=.2, */*; q=.2
Content-Type: 
Accept-Encoding: gzip


[188] 180.97.106.162 
Content-Length: 
Host: 180.163.113.82
Proxy-Connection: Keep-Alive
Content-Type: 


[189] 185.25.148.240 
Content-Length: 
User-Agent: Mozilla/5.0 (Windows NT 5.1; rv:32.0) Gecko/20100101 Firefox/31.0
Host: testp4.pospr.waw.pl
Accept: text/html,application/xhtml+xml,application/xml;q=0.9,*/*;q=0.8
Proxy-Connection: Keep-Alive
Accept-Language: pl,en-US;q=0.7,en;q=0.3
Content-Type: 
Accept-Encoding: gzip, deflate


[190] 45.32.217.244 
Content-Length: 
User-Agent: Mozilla/5.0 (Windows; U; Windows NT 5.1; rv:1.7.3) Gecko/20041001 Firefox/0.10.1
Host: pfn.cloud
Accept: */*
Content-Type: 
Accept-Encoding: deflate, gzip


[191] 198.20.69.74 
Content-Length: 
User-Agent: Mozilla/5.0 (Windows NT 6.1) AppleWebKit/537.36 (KHTML, like Gecko) Chrome/41.0.2228.0 Safari/537.36
Host: 46.101.102.165
Accept: text/html,application/xhtml+xml,application/xml;q=0.9,*/*;q=0.8
Content-Type: 
Accept-Encoding: identity


[192] 198.20.69.74 
Content-Length: 
Host: 46.101.102.165
Content-Type: 
Accept-Encoding: identity


[193] 198.20.69.74 
Content-Length: 
Host: 46.101.102.165
Content-Type: 
Accept-Encoding: identity


[194] 201.173.180.121 
Content-Length: 
User-Agent: Wget(linux)
Host: 46.101.102.165
Accept: */*
Content-Type: 


[195] 201.173.180.121 
Content-Length: 
User-Agent: Wget(linux)
Host: 46.101.102.165
Accept: */*
Content-Type: 


[196] 201.173.180.121 
Content-Length: 
User-Agent: Wget(linux)
Host: 46.101.102.165
Accept: */*
Content-Type: 


[197] 201.173.180.121 
Content-Length: 208
User-Agent: Wget(linux)
Host: 46.101.102.165
Accept: */*
Content-Type: application/x-www-form-urlencoded


[198] 185.80.43.142 
Content-Length: 
User-Agent: curl/7.17.1 (mips-unknown-linux-gnu) libcurl/7.17.1 OpenSSL/0.9.8i zlib/1.2.3
Connection: Keep-Alive
Host: 046.101.102.165
Cache-Control: max-stale=0
Accept: */*
Content-Type: 


[199] 212.92.127.201 
Content-Length: 
User-Agent: Mozilla/5.0 (Windows NT 6.1; WOW64; rv:46.0) Gecko/20100101 Firefox/46.0
Host: 46.101.102.165
Accept: */*
Content-Type: 


[200] 173.236.168.104 
Content-Length: 
User-Agent: Mozilla/5.0 (Windows; U; Windows NT 5.1; rv:1.7.3) Gecko/20041001 Firefox/0.10.1
Host: pfn.cloud
Accept: */*
Content-Type: 
Accept-Encoding: deflate, gzip


[201] 54.78.133.9 
Content-Length: 
User-Agent: Mozilla/5.0 (compatible; Googlebot/2.1; +http://www.google.com/bot.html)
Host: 46.101.102.165
Content-Type: 


[202] 54.78.133.9 
Content-Length: 
User-Agent: Mozilla/5.0 (compatible; Googlebot/2.1; +http://www.google.com/bot.html)
Host: 46.101.102.165
Content-Type: 


[203] 54.78.133.9 
Content-Length: 
User-Agent: Mozilla/5.0 (compatible; Googlebot/2.1; +http://www.google.com/bot.html)
Host: 46.101.102.165
Content-Type: 


[204] 54.78.133.9 
Content-Length: 
User-Agent: Mozilla/5.0 (compatible; Googlebot/2.1; +http://www.google.com/bot.html)
Host: 46.101.102.165
Content-Type: 


[205] 46.37.89.163 
Content-Length: 
User-Agent: curl/7.17.1 (mips-unknown-linux-gnu) libcurl/7.17.1 OpenSSL/0.9.8i zlib/1.2.3
Host: 46.101.102.165
Accept: */*
Content-Type: 


[206] 159.203.160.162 
Content-Length: 
User-Agent: Mozilla/5.0 (Windows; U; Windows NT 5.1; rv:1.7.3) Gecko/20041001 Firefox/0.10.1
Host: pfn.cloud
Accept: */*
Content-Type: 
Accept-Encoding: deflate, gzip


[207] 152.237.242.122 
Content-Length: 
User-Agent: curl/7.17.1 (mips-unknown-linux-gnu) libcurl/7.17.1 OpenSSL/0.9.8i zlib/1.2.3
Host: 046.101.102.165
Accept: */*
Content-Type: 


[208] 168.195.88.204 
Content-Length: 
User-Agent: curl/7.17.1 (mips-unknown-linux-gnu) libcurl/7.17.1 OpenSSL/0.9.8i zlib/1.2.3
Host: 046.101.102.165
Accept: */*
Content-Type: 


[209] 64.79.100.47 
Referer: http://www.pfn.cloud/robots.txt
Content-Length: 
Accept-Charset: ISO-8859-1,utf-8;q=0.7,*;q=0.7)
User-Agent: Mozilla/5.0 (Windows NT 6.1; WOW64) AppleWebKit/537.36 (KHTML, like Gecko) Chrome/39.0.2171.95 Safari/537.36
Connection: close
Host: www.pfn.cloud
Cache-Control: no-cache
Accept: text/html,application/xhtml+xml,application/xml;q=0.9,*/*;q=0.8
Accept-Language: en-us
Content-Type: 
Accept-Encoding: gzip,deflate


[210] 64.79.100.47 
Referer: http://www.pfn.cloud
Content-Length: 
Accept-Charset: ISO-8859-1,utf-8;q=0.7,*;q=0.7)
User-Agent: Mozilla/5.0 (Windows NT 6.1; WOW64) AppleWebKit/537.36 (KHTML, like Gecko) Chrome/39.0.2171.95 Safari/537.36
Connection: close
Host: www.pfn.cloud
Cache-Control: no-cache
Accept: text/html,application/xhtml+xml,application/xml;q=0.9,*/*;q=0.8
Accept-Language: en-us
Content-Type: 
Accept-Encoding: gzip,deflate


[211] 64.79.100.47 
Content-Length: 
User-Agent: Mozilla
Connection: keep-alive
Host: www.pfn.cloud
Accept: text/html, image/gif, image/jpeg, *; q=.2, */*; q=.2
Content-Type: 
Accept-Encoding: gzip


[212] 139.59.149.57 
Referer: https://freevpn.ninja/
Content-Length: 
User-Agent: Mozilla/5.0 (Windows NT 6.1; WOW64; rv:43.0) Gecko/20100101 Firefox/43.0
Host: pfn.cloud
Accept: */*
Content-Type: 


[213] 185.49.14.190 
Content-Length: 
User-Agent: Mozilla/5.0 (Windows NT 5.1; rv:32.0) Gecko/20100101 Firefox/31.0
Host: testp1.piwo.pila.pl
Accept: text/html,application/xhtml+xml,application/xml;q=0.9,*/*;q=0.8
Proxy-Connection: Keep-Alive
Accept-Language: pl,en-US;q=0.7,en;q=0.3
Content-Type: 
Accept-Encoding: gzip, deflate


[214] 173.208.150.117 
Content-Length: 
User-Agent: Mozilla/4.0 (compatible; MSIE 8.0; Windows NT 6.1; Trident/4.0; SLCC2; .NET CLR 2.0.50727; .NET CLR 3.5.30729; .NET CLR 3.0.30729; Media Center PC 6.0)
Host: kiosk.scr888.com
Accept: */*
Content-Type: 


[215] 23.125.107.154 
Content-Length: 
Content-Type: 


[216] 52.29.208.4 
Content-Length: 
User-Agent: Mozilla/5.0 (Unknown; Linux x86_64) AppleWebKit/538.1 (KHTML, like Gecko) PhantomJS/2.1.1 Safari/538.1
Connection: Keep-Alive
Host: pfn.cloud
Accept: text/html,application/xhtml+xml,application/xml;q=0.9,*/*;q=0.8
Accept-Language: en-US,*
Content-Type: 
Accept-Encoding: gzip, deflate


[217] 173.208.150.115 
Content-Length: 
User-Agent: Mozilla/4.0 (compatible; MSIE 8.0; Windows NT 6.1; Trident/4.0; SLCC2; .NET CLR 2.0.50727; .NET CLR 3.5.30729; .NET CLR 3.0.30729; Media Center PC 6.0)
Host: xinyu388.com
Accept: */*
Content-Type: 


[218] 176.115.123.21 
Content-Length: 
User-Agent: curl/7.17.1 (mips-unknown-linux-gnu) libcurl/7.17.1 OpenSSL/0.9.8i zlib/1.2.3
Host: 046.101.102.165
Accept: */*
Content-Type: 


[219] 93.174.93.210 
Content-Length: 
User-Agent: Mozilla/5.0 (Windows NT 6.3; WOW64; rv:34.0) Gecko/20100101 Firefox/34.0
Host: 
Accept: */*
Content-Type: 


[220] 64.79.100.32 
Referer: http://www.pfn.cloud/robots.txt
Content-Length: 
Accept-Charset: ISO-8859-1,utf-8;q=0.7,*;q=0.7)
User-Agent: Mozilla/5.0 (Windows NT 6.1; WOW64) AppleWebKit/537.36 (KHTML, like Gecko) Chrome/39.0.2171.95 Safari/537.36
Connection: close
Host: www.pfn.cloud
Cache-Control: no-cache
Accept: text/html,application/xhtml+xml,application/xml;q=0.9,*/*;q=0.8
Accept-Language: en-us
Content-Type: 
Accept-Encoding: gzip,deflate


[221] 64.79.100.32 
Referer: http://www.pfn.cloud
Content-Length: 
Accept-Charset: ISO-8859-1,utf-8;q=0.7,*;q=0.7)
User-Agent: Mozilla/5.0 (Windows NT 6.1; WOW64) AppleWebKit/537.36 (KHTML, like Gecko) Chrome/39.0.2171.95 Safari/537.36
Connection: close
Host: www.pfn.cloud
Cache-Control: no-cache
Accept: text/html,application/xhtml+xml,application/xml;q=0.9,*/*;q=0.8
Accept-Language: en-us
Content-Type: 
Accept-Encoding: gzip,deflate


[222] 64.79.100.32 
Content-Length: 
User-Agent: Mozilla
Connection: keep-alive
Host: www.pfn.cloud
Accept: text/html, image/gif, image/jpeg, *; q=.2, */*; q=.2
Content-Type: 
Accept-Encoding: gzip


[223] 185.100.87.191 
Content-Length: 
Content-Type: 


[224] 185.100.87.191 
Content-Length: 
User-Agent: Mozilla/5.0 (compatible; Nmap Scripting Engine; http://nmap.org/book/nse.html)
Connection: close
Host: 46.101.102.165
Content-Type: 


[225] 185.25.184.146 
Content-Length: 
User-Agent: Python-urllib/2.7
Connection: close
Host: 46.101.102.165:80
Content-Type: 
Accept-Encoding: identity


[226] 185.25.184.146 
Content-Length: 
User-Agent: Python-urllib/2.7
Connection: close
Host: 46.101.102.165:80
Content-Type: 
Accept-Encoding: identity


[227] 185.25.184.146 
Content-Length: 
User-Agent: Python-urllib/2.7
Connection: close
Host: 46.101.102.165:80
Content-Type: 
Accept-Encoding: identity


[228] 185.25.184.146 
Content-Length: 
User-Agent: Python-urllib/2.7
Connection: close
Host: 46.101.102.165:80
Content-Type: 
Accept-Encoding: identity


[229] 185.25.184.146 
Content-Length: 
User-Agent: Python-urllib/2.7
Connection: close
Host: 46.101.102.165:80
Content-Type: 
Accept-Encoding: identity


[230] 185.25.184.146 
Content-Length: 
User-Agent: Python-urllib/2.7
Connection: close
Host: 46.101.102.165:80
Content-Type: 
Accept-Encoding: identity


[231] 185.25.184.146 
Content-Length: 
User-Agent: Python-urllib/2.7
Connection: close
Host: 46.101.102.165:80
Content-Type: 
Accept-Encoding: identity


[232] 185.25.184.146 
Content-Length: 
User-Agent: Python-urllib/2.7
Connection: close
Host: 46.101.102.165:80
Content-Type: 
Accept-Encoding: identity


[233] 185.25.184.146 
Content-Length: 
User-Agent: Python-urllib/2.7
Connection: close
Host: 46.101.102.165:80
Content-Type: 
Accept-Encoding: identity


[234] 185.25.184.146 
Content-Length: 
User-Agent: Python-urllib/2.7
Connection: close
Host: 46.101.102.165:80
Content-Type: 
Accept-Encoding: identity


[235] 185.25.184.146 
Content-Length: 
User-Agent: Python-urllib/2.7
Connection: close
Host: 46.101.102.165:80
Content-Type: 
Accept-Encoding: identity


[236] 185.25.184.146 
Content-Length: 
User-Agent: Python-urllib/2.7
Connection: close
Host: 46.101.102.165:80
Content-Type: 
Accept-Encoding: identity


[237] 185.25.184.146 
Content-Length: 
User-Agent: Python-urllib/2.7
Connection: close
Host: 46.101.102.165:80
Content-Type: 
Accept-Encoding: identity


[238] 185.25.184.146 
Content-Length: 
User-Agent: Python-urllib/2.7
Connection: close
Host: 46.101.102.165:80
Content-Type: 
Accept-Encoding: identity


[239] 185.25.184.146 
Content-Length: 
User-Agent: Python-urllib/2.7
Connection: close
Host: 46.101.102.165:80
Content-Type: 
Accept-Encoding: identity


[240] 185.25.184.146 
Content-Length: 
User-Agent: Python-urllib/2.7
Connection: close
Host: 46.101.102.165:80
Content-Type: 
Accept-Encoding: identity


[241] 185.25.184.146 
Content-Length: 
User-Agent: Python-urllib/2.7
Connection: close
Host: 46.101.102.165:80
Content-Type: 
Accept-Encoding: identity


[242] 185.25.184.146 
Content-Length: 
User-Agent: Python-urllib/2.7
Connection: close
Host: 46.101.102.165:80
Content-Type: 
Accept-Encoding: identity


[243] 185.25.184.146 
Content-Length: 
User-Agent: Python-urllib/2.7
Connection: close
Host: 46.101.102.165:80
Content-Type: 
Accept-Encoding: identity


[244] 185.25.184.146 
Content-Length: 
User-Agent: Python-urllib/2.7
Connection: close
Host: 46.101.102.165:80
Content-Type: 
Accept-Encoding: identity


[245] 185.25.184.146 
Content-Length: 
User-Agent: Python-urllib/2.7
Connection: close
Host: 46.101.102.165:80
Content-Type: 
Accept-Encoding: identity


[246] 185.25.184.146 
Content-Length: 
User-Agent: Python-urllib/2.7
Connection: close
Host: 46.101.102.165:80
Content-Type: 
Accept-Encoding: identity


[247] 185.25.184.146 
Content-Length: 
User-Agent: Python-urllib/2.7
Connection: close
Host: 46.101.102.165:80
Content-Type: 
Accept-Encoding: identity


[248] 185.25.184.146 
Content-Length: 
User-Agent: Python-urllib/2.7
Connection: close
Host: 46.101.102.165:80
Content-Type: 
Accept-Encoding: identity


[249] 185.25.184.146 
Content-Length: 
User-Agent: Python-urllib/2.7
Connection: close
Host: 46.101.102.165:80
Content-Type: 
Accept-Encoding: identity


[250] 185.25.184.146 
Content-Length: 
User-Agent: Python-urllib/2.7
Connection: close
Host: 46.101.102.165:80
Content-Type: 
Accept-Encoding: identity


[251] 185.25.184.146 
Content-Length: 
User-Agent: Python-urllib/2.7
Connection: close
Host: 46.101.102.165:80
Content-Type: 
Accept-Encoding: identity


[252] 185.25.184.146 
Content-Length: 
User-Agent: Python-urllib/2.7
Connection: close
Host: 46.101.102.165:80
Content-Type: 
Accept-Encoding: identity


[253] 185.25.184.146 
Content-Length: 
User-Agent: Python-urllib/2.7
Connection: close
Host: 46.101.102.165:80
Content-Type: 
Accept-Encoding: identity


[254] 185.25.184.146 
Content-Length: 
User-Agent: Python-urllib/2.7
Connection: close
Host: 46.101.102.165:80
Content-Type: 
Accept-Encoding: identity


[255] 185.25.184.146 
Content-Length: 
User-Agent: Python-urllib/2.7
Connection: close
Host: 46.101.102.165:80
Content-Type: 
Accept-Encoding: identity


[256] 185.25.184.146 
Content-Length: 
User-Agent: Python-urllib/2.7
Connection: close
Host: 46.101.102.165:80
Content-Type: 
Accept-Encoding: identity


[257] 93.80.102.189 
Content-Length: 
User-Agent: Mozilla/5.0 (Windows NT 5.1; rv:9.0.1) Gecko/20100101 Firefox/9.0.1
Host: 46.101.102.165
Accept: text/html,application/xhtml+xml,application/xml;q=0.9,*/*;q=0.8
Accept-Language: en-US;q=0.6,en;q=0.4
Content-Type: 
Accept-Encoding: deflate, gzip, identity


[258] 91.196.50.33 
Content-Length: 
User-Agent: Mozilla/5.0 (Windows NT 5.1; rv:32.0) Gecko/20100101 Firefox/31.0
Host: testp3.pospr.waw.pl
Accept: text/html,application/xhtml+xml,application/xml;q=0.9,*/*;q=0.8
Proxy-Connection: Keep-Alive
Accept-Language: pl,en-US;q=0.7,en;q=0.3
Content-Type: 
Accept-Encoding: gzip, deflate


[259] 183.129.160.229 
Content-Length: 
User-Agent: Mozilla/5.0 (Macintosh; Intel Mac OS X 10.11; rv:47.0) Gecko/20100101 Firefox/47.0
Connection: close
Host: 46.101.102.165
Accept: text/html,application/xhtml+xml,application/xml;q=0.9,*/*;q=0.8
Accept-Language: zh-CN,zh;q=0.8,en-US;q=0.5,en;q=0.3
Content-Type: 
Accept-Encoding: deflate


[260] 200.207.142.89 
Content-Length: 
Accept-Charset: ISO-8859-1,utf-8;q=0.7,*;q=0.7
User-Agent: Mozilla/5.0 (Windows NT 5.1; rv:5.0) Gecko/20100101 Firefox/5.0
Connection: keep-alive
Host: 46.101.102.165
Accept: text/html,application/xhtml+xml,application/xml;q=0.9,*/*;q=0.8
Accept-Language: en-us,en;q=0.5
Content-Type: 
Accept-Encoding: gzip, deflate


[261] 196.215.9.236 
Content-Length: 
User-Agent: Mozilla/5.0 (Windows NT 6.1; WOW64; rv:49.0) Gecko/20100101 Firefox/49.0
Connection: keep-alive
Host: 46.101.102.165
Upgrade-Insecure-Requests: 1
Accept: text/html,application/xhtml+xml,application/xml;q=0.9,*/*;q=0.8
Accept-Language: en-US,en;q=0.5
Content-Type: 
Accept-Encoding: gzip, deflate


[262] 196.215.9.236 
Content-Length: 
User-Agent: Mozilla/5.0 (Windows NT 6.1; WOW64; rv:49.0) Gecko/20100101 Firefox/49.0
Connection: keep-alive
Host: 46.101.102.165
Accept: */*
Accept-Language: en-US,en;q=0.5
Content-Type: 
Accept-Encoding: gzip, deflate


[263] 196.215.9.236 
Content-Length: 
User-Agent: Mozilla/5.0 (Windows NT 6.1; WOW64; rv:49.0) Gecko/20100101 Firefox/49.0
Connection: keep-alive
Host: 46.101.102.165
Accept: text/html,application/xhtml+xml,application/xml;q=0.9,*/*;q=0.8
Accept-Language: en-US,en;q=0.5
Content-Type: 
Accept-Encoding: gzip, deflate


[264] 212.92.127.172 
Content-Length: 
User-Agent: Mozilla/5.0 (Windows NT 6.1; WOW64; rv:46.0) Gecko/20100101 Firefox/46.0
Host: 46.101.102.165
Accept: */*
Content-Type: 


[265] 69.58.178.56 
From: wc@verisignlabs.com
Content-Length: 
User-Agent: Mozilla/5.0 (X11; Ubuntu; Linux i686; rv:14.0; ips-agent) Gecko/20100101 Firefox/14.0.1
Host: www.pfn.cloud
Content-Type: 


[266] 69.58.178.56 
From: wc@verisignlabs.com
Content-Length: 
User-Agent: Mozilla/5.0 (X11; Ubuntu; Linux i686; rv:14.0; ips-agent) Gecko/20100101 Firefox/14.0.1
Host: www.pfn.cloud
Content-Type: 


[267] 91.210.146.91 
Referer: http://pfn.cloud
Content-Length: 
User-Agent: Mozilla/5.0 (Windows NT 6.1; WOW64) AppleWebKit/537.36 (KHTML, like Gecko) Chrome/31.0.1650.57 Safari/537.36
Connection: keep-alive
Host: pfn.cloud
Accept: image/gif, image/x-xbitmap, image/jpeg,image/pjpeg, application/x-shockwave-flash,application/vnd.ms-excel,application/vnd.ms-powerpoint,application/msword
Accept-Language: ru
Content-Type: 
Accept-Encoding: gzip,deflate


[268] 91.210.146.91 
Referer: http://blog.pfn.cloud
Content-Length: 
User-Agent: Mozilla/5.0 (Windows NT 6.1; WOW64) AppleWebKit/537.36 (KHTML, like Gecko) Chrome/31.0.1650.57 Safari/537.36
Connection: keep-alive
Host: blog.pfn.cloud
Accept: image/gif, image/x-xbitmap, image/jpeg,image/pjpeg, application/x-shockwave-flash,application/vnd.ms-excel,application/vnd.ms-powerpoint,application/msword
Accept-Language: ru
Content-Type: 
Accept-Encoding: gzip,deflate


[269] 91.210.146.91 
Referer: http://test.pfn.cloud
Content-Length: 
User-Agent: Mozilla/5.0 (Windows NT 6.1; WOW64) AppleWebKit/537.36 (KHTML, like Gecko) Chrome/31.0.1650.57 Safari/537.36
Connection: keep-alive
Host: test.pfn.cloud
Accept: image/gif, image/x-xbitmap, image/jpeg,image/pjpeg, application/x-shockwave-flash,application/vnd.ms-excel,application/vnd.ms-powerpoint,application/msword
Accept-Language: ru
Content-Type: 
Accept-Encoding: gzip,deflate


[270] 91.210.146.91 
Referer: http://wp.pfn.cloud
Content-Length: 
User-Agent: Mozilla/5.0 (Windows NT 6.1; WOW64) AppleWebKit/537.36 (KHTML, like Gecko) Chrome/31.0.1650.57 Safari/537.36
Connection: keep-alive
Host: wp.pfn.cloud
Accept: image/gif, image/x-xbitmap, image/jpeg,image/pjpeg, application/x-shockwave-flash,application/vnd.ms-excel,application/vnd.ms-powerpoint,application/msword
Accept-Language: ru
Content-Type: 
Accept-Encoding: gzip,deflate


[271] 91.210.146.91 
Referer: http://pfn.cloud/blog/
Content-Length: 
User-Agent: Mozilla/5.0 (Windows NT 6.1; WOW64) AppleWebKit/537.36 (KHTML, like Gecko) Chrome/31.0.1650.57 Safari/537.36
Connection: keep-alive
Host: pfn.cloud
Accept: image/gif, image/x-xbitmap, image/jpeg,image/pjpeg, application/x-shockwave-flash,application/vnd.ms-excel,application/vnd.ms-powerpoint,application/msword
Accept-Language: ru
Content-Type: 
Accept-Encoding: gzip,deflate


[272] 64.79.100.42 
Referer: http://www.pfn.cloud/robots.txt
Content-Length: 
Accept-Charset: ISO-8859-1,utf-8;q=0.7,*;q=0.7)
User-Agent: Mozilla/5.0 (Windows NT 6.1; WOW64) AppleWebKit/537.36 (KHTML, like Gecko) Chrome/39.0.2171.95 Safari/537.36
Connection: close
Host: www.pfn.cloud
Cache-Control: no-cache
Accept: text/html,application/xhtml+xml,application/xml;q=0.9,*/*;q=0.8
Accept-Language: en-us
Content-Type: 
Accept-Encoding: gzip,deflate


[273] 64.79.100.42 
Referer: http://www.pfn.cloud
Content-Length: 
Accept-Charset: ISO-8859-1,utf-8;q=0.7,*;q=0.7)
User-Agent: Mozilla/5.0 (Windows NT 6.1; WOW64) AppleWebKit/537.36 (KHTML, like Gecko) Chrome/39.0.2171.95 Safari/537.36
Connection: close
Host: www.pfn.cloud
Cache-Control: no-cache
Accept: text/html,application/xhtml+xml,application/xml;q=0.9,*/*;q=0.8
Accept-Language: en-us
Content-Type: 
Accept-Encoding: gzip,deflate


[274] 64.79.100.42 
Content-Length: 
User-Agent: Mozilla
Connection: keep-alive
Host: www.pfn.cloud
Accept: text/html, image/gif, image/jpeg, *; q=.2, */*; q=.2
Content-Type: 
Accept-Encoding: gzip


[275] 66.249.93.209 
Content-Length: 
User-Agent: Mozilla/5.0 (Linux; Android 5.0.2; Redmi Note 2 Build/LRX22G) AppleWebKit/537.36 (KHTML, like Gecko) Chrome/53.0.2785.124 Mobile Safari/537.36
Connection: Keep-alive
Via: 1.1 Chrome-Compression-Proxy
Scheme: http
Forwarded: for=41.13.204.163
Save-Data: on
Host: 46.101.102.165
Upgrade-Insecure-Requests: 1
Accept: text/html,application/xhtml+xml,application/xml;q=0.9,image/webp,*/*;q=0.8
Accept-Language: en-GB,en-US;q=0.8,en;q=0.6
X-Forwarded-For: 41.13.204.163
Content-Type: 
Accept-Encoding: gzip, deflate, sdch


[276] 66.249.93.209 
Referer: http://46.101.102.165/
Content-Length: 
User-Agent: Mozilla/5.0 (Linux; Android 5.0.2; Redmi Note 2 Build/LRX22G) AppleWebKit/537.36 (KHTML, like Gecko) Chrome/53.0.2785.124 Mobile Safari/537.36
Connection: Keep-alive
Via: 1.1 Chrome-Compression-Proxy
Scheme: http
Forwarded: for=41.13.204.163
Save-Data: on
Host: 46.101.102.165
Accept: */*
Accept-Language: en-GB,en-US;q=0.8,en;q=0.6
X-Forwarded-For: 41.13.204.163
Content-Type: 
Accept-Encoding: gzip, deflate, sdch


[277] 66.249.93.209 
Content-Length: 
User-Agent: Mozilla/5.0 (Linux; Android 5.0.2; Redmi Note 2 Build/LRX22G) AppleWebKit/537.36 (KHTML, like Gecko) Chrome/53.0.2785.124 Mobile Safari/537.36
Connection: Keep-alive
Via: 1.1 Chrome-Compression-Proxy
Scheme: http
Forwarded: for=41.13.204.163
Save-Data: on
Host: 46.101.102.165
Upgrade-Insecure-Requests: 1
Accept: text/html,application/xhtml+xml,application/xml;q=0.9,image/webp,*/*;q=0.8
Accept-Language: en-GB,en-US;q=0.8,en;q=0.6
X-Forwarded-For: 41.13.204.163
Content-Type: 
Accept-Encoding: gzip, deflate, sdch


[278] 66.249.93.211 
Referer: http://46.101.102.165/ggdvhh
Content-Length: 
User-Agent: Mozilla/5.0 (Linux; Android 5.0.2; Redmi Note 2 Build/LRX22G) AppleWebKit/537.36 (KHTML, like Gecko) Chrome/53.0.2785.124 Mobile Safari/537.36
Connection: Keep-alive
Via: 1.1 Chrome-Compression-Proxy
Scheme: http
Forwarded: for=41.13.204.163
Save-Data: on
Host: 46.101.102.165
Accept: */*
Accept-Language: en-GB,en-US;q=0.8,en;q=0.6
X-Forwarded-For: 41.13.204.163
Content-Type: 
Accept-Encoding: gzip, deflate, sdch


[279] 66.249.93.209 
Content-Length: 
User-Agent: Mozilla/5.0 (Linux; Android 5.0.2; Redmi Note 2 Build/LRX22G) AppleWebKit/537.36 (KHTML, like Gecko) Chrome/53.0.2785.124 Mobile Safari/537.36
Connection: Keep-alive
Via: 1.1 Chrome-Compression-Proxy
Scheme: http
Forwarded: for=41.13.204.163
Save-Data: on
Host: 46.101.102.165
Upgrade-Insecure-Requests: 1
Accept: text/html,application/xhtml+xml,application/xml;q=0.9,image/webp,*/*;q=0.8
Accept-Language: en-GB,en-US;q=0.8,en;q=0.6
X-Forwarded-For: 41.13.204.163
Content-Type: 
Accept-Encoding: gzip, deflate, sdch


[280] 66.249.93.209 
Referer: http://46.101.102.165/wp-login.php
Content-Length: 
User-Agent: Mozilla/5.0 (Linux; Android 5.0.2; Redmi Note 2 Build/LRX22G) AppleWebKit/537.36 (KHTML, like Gecko) Chrome/53.0.2785.124 Mobile Safari/537.36
Connection: Keep-alive
Via: 1.1 Chrome-Compression-Proxy
Scheme: http
Forwarded: for=41.13.204.163
Save-Data: on
Host: 46.101.102.165
Accept: */*
Accept-Language: en-GB,en-US;q=0.8,en;q=0.6
X-Forwarded-For: 41.13.204.163
Content-Type: 
Accept-Encoding: gzip, deflate, sdch


[281] 41.13.204.163 
Referer: http://46.101.102.165/wp-login.php
Origin: http://46.101.102.165
X-Up-Vfza-Id: 65501
Content-Length: 70
User-Agent: Mozilla/5.0 (Linux; Android 5.0.2; Redmi Note 2 Build/LRX22G) AppleWebKit/537.36 (KHTML, like Gecko) Chrome/53.0.2785.124 Mobile Safari/537.36
Connection: keep-alive
Save-Data: on
Host: 46.101.102.165
Upgrade-Insecure-Requests: 1
Cache-Control: max-age=0
Accept: text/html,application/xhtml+xml,application/xml;q=0.9,image/webp,*/*;q=0.8
Accept-Language: en-GB,en-US;q=0.8,en;q=0.6
Content-Type: application/x-www-form-urlencoded
Accept-Encoding: gzip, deflate


[282] 66.249.93.211 
Referer: http://46.101.102.165/wp-admin
Content-Length: 
User-Agent: Mozilla/5.0 (Linux; Android 5.0.2; Redmi Note 2 Build/LRX22G) AppleWebKit/537.36 (KHTML, like Gecko) Chrome/53.0.2785.124 Mobile Safari/537.36
Connection: Keep-alive
Via: 1.1 Chrome-Compression-Proxy
Scheme: http
Forwarded: for=41.13.204.163
Save-Data: on
Host: 46.101.102.165
Accept: */*
Accept-Language: en-GB,en-US;q=0.8,en;q=0.6
X-Forwarded-For: 41.13.204.163
Content-Type: 
Accept-Encoding: gzip, deflate, sdch


[283] 66.249.93.211 
Referer: http://46.101.102.165/wp-admin
Content-Length: 
User-Agent: Mozilla/5.0 (Linux; Android 5.0.2; Redmi Note 2 Build/LRX22G) AppleWebKit/537.36 (KHTML, like Gecko) Chrome/53.0.2785.124 Mobile Safari/537.36
Connection: Keep-alive
Via: 1.1 Chrome-Compression-Proxy
Scheme: http
Forwarded: for=41.13.204.163
Save-Data: on
Host: 46.101.102.165
Upgrade-Insecure-Requests: 1
Accept: text/html,application/xhtml+xml,application/xml;q=0.9,image/webp,*/*;q=0.8
Accept-Language: en-GB,en-US;q=0.8,en;q=0.6
X-Forwarded-For: 41.13.204.163
Content-Type: 
Accept-Encoding: gzip, deflate, sdch


[284] 66.249.93.209 
Referer: http://46.101.102.165/edit.php
Content-Length: 
User-Agent: Mozilla/5.0 (Linux; Android 5.0.2; Redmi Note 2 Build/LRX22G) AppleWebKit/537.36 (KHTML, like Gecko) Chrome/53.0.2785.124 Mobile Safari/537.36
Connection: Keep-alive
Via: 1.1 Chrome-Compression-Proxy
Scheme: http
Forwarded: for=41.13.204.163
Save-Data: on
Host: 46.101.102.165
Accept: */*
Accept-Language: en-GB,en-US;q=0.8,en;q=0.6
X-Forwarded-For: 41.13.204.163
Content-Type: 
Accept-Encoding: gzip, deflate, sdch


[285] 66.249.93.209 
Referer: http://46.101.102.165/wp-admin
Content-Length: 
User-Agent: Mozilla/5.0 (Linux; Android 5.0.2; Redmi Note 2 Build/LRX22G) AppleWebKit/537.36 (KHTML, like Gecko) Chrome/53.0.2785.124 Mobile Safari/537.36
Connection: Keep-alive
Via: 1.1 Chrome-Compression-Proxy
Scheme: http
Forwarded: for=41.13.204.163
Save-Data: on
Host: 46.101.102.165
Accept: */*
Accept-Language: en-GB,en-US;q=0.8,en;q=0.6
X-Forwarded-For: 41.13.204.163
Content-Type: 
Accept-Encoding: gzip, deflate, sdch


[286] 66.249.93.209 
Referer: http://46.101.102.165/wp-admin
Content-Length: 
User-Agent: Mozilla/5.0 (Linux; Android 5.0.2; Redmi Note 2 Build/LRX22G) AppleWebKit/537.36 (KHTML, like Gecko) Chrome/53.0.2785.124 Mobile Safari/537.36
Connection: Keep-alive
Via: 1.1 Chrome-Compression-Proxy
Scheme: http
Forwarded: for=41.13.204.163
Save-Data: on
Host: 46.101.102.165
Upgrade-Insecure-Requests: 1
Accept: text/html,application/xhtml+xml,application/xml;q=0.9,image/webp,*/*;q=0.8
Accept-Language: en-GB,en-US;q=0.8,en;q=0.6
X-Forwarded-For: 41.13.204.163
Content-Type: 
Accept-Encoding: gzip, deflate, sdch


[287] 66.249.93.210 
Referer: http://46.101.102.165/comment.php?action=unapprovecomment&p=1&c=1&_wpnonce=e4f0004ffa
Content-Length: 
User-Agent: Mozilla/5.0 (Linux; Android 5.0.2; Redmi Note 2 Build/LRX22G) AppleWebKit/537.36 (KHTML, like Gecko) Chrome/53.0.2785.124 Mobile Safari/537.36
Connection: Keep-alive
Via: 1.1 Chrome-Compression-Proxy
Scheme: http
Forwarded: for=41.13.204.163
Save-Data: on
Host: 46.101.102.165
Accept: */*
Accept-Language: en-GB,en-US;q=0.8,en;q=0.6
X-Forwarded-For: 41.13.204.163
Content-Type: 
Accept-Encoding: gzip, deflate, sdch


[288] 105.249.44.216 
X-Up-Vfza-Id: 65501
Content-Length: 
User-Agent: Mozilla/5.0 (Linux; Android 5.1; XT1032 Build/LPBS23.13-56-2) AppleWebKit/537.36 (KHTML, like Gecko) Chrome/53.0.2785.124 Mobile Safari/537.36
Connection: keep-alive
Host: 46.101.102.165
Upgrade-Insecure-Requests: 1
Cache-Control: max-age=259200
Accept: text/html,application/xhtml+xml,application/xml;q=0.9,image/webp,*/*;q=0.8
Accept-Language: en-GB,en-US;q=0.8,en;q=0.6
Content-Type: 
Accept-Encoding: gzip, deflate, sdch


[289] 105.249.44.216 
Referer: http://46.101.102.165/
X-Up-Vfza-Id: 65501
Content-Length: 
User-Agent: Mozilla/5.0 (Linux; Android 5.1; XT1032 Build/LPBS23.13-56-2) AppleWebKit/537.36 (KHTML, like Gecko) Chrome/53.0.2785.124 Mobile Safari/537.36
Connection: keep-alive
Host: 46.101.102.165
Cache-Control: max-age=259200
Accept: */*
Accept-Language: en-GB,en-US;q=0.8,en;q=0.6
Content-Type: 
Accept-Encoding: gzip, deflate, sdch


[290] 105.249.44.216 
X-Up-Vfza-Id: 65501
Content-Length: 
User-Agent: Mozilla/5.0 (Linux; Android 5.1; XT1032 Build/LPBS23.13-56-2) AppleWebKit/537.36 (KHTML, like Gecko) Chrome/53.0.2785.124 Mobile Safari/537.36
Connection: keep-alive
Host: 46.101.102.165
Upgrade-Insecure-Requests: 1
Cache-Control: max-age=259200
Accept: text/html,application/xhtml+xml,application/xml;q=0.9,image/webp,*/*;q=0.8
Accept-Language: en-GB,en-US;q=0.8,en;q=0.6
Content-Type: 
Accept-Encoding: gzip, deflate, sdch


[291] 105.249.44.216 
Referer: http://46.101.102.165/robots.txt
X-Up-Vfza-Id: 65501
Content-Length: 
User-Agent: Mozilla/5.0 (Linux; Android 5.1; XT1032 Build/LPBS23.13-56-2) AppleWebKit/537.36 (KHTML, like Gecko) Chrome/53.0.2785.124 Mobile Safari/537.36
Connection: keep-alive
Host: 46.101.102.165
Cache-Control: max-age=259200
Accept: */*
Accept-Language: en-GB,en-US;q=0.8,en;q=0.6
Content-Type: 
Accept-Encoding: gzip, deflate, sdch


[292] 217.197.151.43 
Content-Length: 
User-Agent: curl/7.17.1 (mips-unknown-linux-gnu) libcurl/7.17.1 OpenSSL/0.9.8i zlib/1.2.3
Host: 046.101.102.165
Accept: */*
Content-Type: 


[293] 141.212.122.48 
Content-Length: 
User-Agent: Mozilla/5.0 zgrab/0.x
Host: 46.101.102.165
Content-Type: 
Accept-Encoding: gzip


[294] 14.134.6.2 
Content-Length: 
Content-Type: 


